[INFO ] 2019-05-15T07:49:26,342 [main] Starter - Starting Starter on DESKTOP-1S83FO1 with PID 15472 (C:\Users\maksu\Desktop\corda-project-master\clients\out\production\classes started by maksu in C:\Users\maksu\Desktop\corda-project-master)
[INFO ] 2019-05-15T07:49:26,372 [main] Starter - No active profile set, falling back to default profiles: default
[INFO ] 2019-05-15T07:49:26,430 [main] AnnotationConfigServletWebServerApplicationContext - Refreshing org.springframework.boot.web.servlet.context.AnnotationConfigServletWebServerApplicationContext@4632cfc: startup date [Wed May 15 10:49:26 MSK 2019]; root of context hierarchy
[INFO ] 2019-05-15T07:49:27,747 [main] TomcatWebServer - Tomcat initialized with port(s): 10050 (http)
[INFO ] 2019-05-15T07:49:27,765 [main] Http11NioProtocol - Initializing ProtocolHandler ["http-nio-10050"]
[INFO ] 2019-05-15T07:49:27,780 [main] StandardService - Starting service [Tomcat]
[INFO ] 2019-05-15T07:49:27,781 [main] StandardEngine - Starting Servlet Engine: Apache Tomcat/8.5.31
[INFO ] 2019-05-15T07:49:27,787 [localhost-startStop-1] AprLifecycleListener - The APR based Apache Tomcat Native library which allows optimal performance in production environments was not found on the java.library.path: [C:\Program Files\Java\jdk-12\bin;C:\Windows\Sun\Java\bin;C:\Windows\system32;C:\Windows;C:\Program Files (x86)\Common Files\Oracle\Java\javapath;C:\Python27\;C:\Python27\Scripts;C:\ProgramData\Anaconda2;C:\ProgramData\Anaconda2\Library\mingw-w64\bin;C:\ProgramData\Anaconda2\Library\usr\bin;C:\ProgramData\Anaconda2\Library\bin;C:\ProgramData\Anaconda2\Scripts;C:\Windows\system32;C:\Windows;C:\Windows\System32\Wbem;C:\Windows\System32\WindowsPowerShell\v1.0\;C:\Windows\System32\OpenSSH\;C:\Python27;C:\Python27\Scripts;C:\Program Files\Java\jdk1.8.0_211\bin;C:\Program Files\Java\maven\apache-maven-3.6.0\bin;C:\ProgramData\chocolatey\bin;C:\Program Files\nodejs\;C:\Program Files\Java\gradle\gradle-5.3.1\bin;C:\Users\maksu\AppData\Local\Programs\Python\Python36\Scripts\;C:\Users\maksu\AppData\Local\Programs\Python\Python36\;C:\Users\maksu\AppData\Local\Microsoft\WindowsApps;C:\Python27\Scripts;C:\Python27;C:\Users\maksu\AppData\Local\Programs\MiKTeX 2.9\miktex\bin\x64\;C:\Program Files\JetBrains\IntelliJ IDEA 2019.1\bin;;C:\Program Files\Java\jdk1.8.0_211\bin;C:\Program Files\Java\maven\apache-maven-3.6.0\bin;C:\Users\maksu\AppData\Local\Programs\Microsoft VS Code\bin;C:\Users\maksu\AppData\Roaming\npm;C:\Program Files\Java\gradle\gradle-5.3.1\bin;;.]
[INFO ] 2019-05-15T07:49:27,976 [localhost-startStop-1] [/] - Initializing Spring embedded WebApplicationContext
[INFO ] 2019-05-15T07:49:27,976 [localhost-startStop-1] ContextLoader - Root WebApplicationContext: initialization completed in 1554 ms
[INFO ] 2019-05-15T07:49:28,170 [localhost-startStop-1] ServletRegistrationBean - Servlet dispatcherServlet mapped to [/]
[INFO ] 2019-05-15T07:49:28,177 [localhost-startStop-1] FilterRegistrationBean - Mapping filter: 'characterEncodingFilter' to: [/*]
[INFO ] 2019-05-15T07:49:28,178 [localhost-startStop-1] FilterRegistrationBean - Mapping filter: 'hiddenHttpMethodFilter' to: [/*]
[INFO ] 2019-05-15T07:49:28,178 [localhost-startStop-1] FilterRegistrationBean - Mapping filter: 'httpPutFormContentFilter' to: [/*]
[INFO ] 2019-05-15T07:49:28,179 [localhost-startStop-1] FilterRegistrationBean - Mapping filter: 'requestContextFilter' to: [/*]
[INFO ] 2019-05-15T07:49:30,965 [main] RPCClient - Startup took 2303 msec
[INFO ] 2019-05-15T07:49:31,187 [main] SimpleUrlHandlerMapping - Mapped URL path [/**/favicon.ico] onto handler of type [class org.springframework.web.servlet.resource.ResourceHttpRequestHandler]
[INFO ] 2019-05-15T07:49:31,476 [main] RequestMappingHandlerAdapter - Looking for @ControllerAdvice: org.springframework.boot.web.servlet.context.AnnotationConfigServletWebServerApplicationContext@4632cfc: startup date [Wed May 15 10:49:26 MSK 2019]; root of context hierarchy
[INFO ] 2019-05-15T07:49:31,551 [main] RequestMappingHandlerMapping - Mapped "{[/gradeWork],methods=[GET],produces=[text/plain]}" onto private java.lang.String com.template.webserver.Controller.templateendpoint(java.lang.String,java.lang.String,java.lang.String,long) throws java.util.concurrent.ExecutionException,java.lang.InterruptedException
[INFO ] 2019-05-15T07:49:31,553 [main] RequestMappingHandlerMapping - Mapped "{[/getGrades],methods=[GET]}" onto private java.lang.String com.template.webserver.Controller.getGrades()
[INFO ] 2019-05-15T07:49:31,555 [main] RequestMappingHandlerMapping - Mapped "{[/error]}" onto public org.springframework.http.ResponseEntity<java.util.Map<java.lang.String, java.lang.Object>> org.springframework.boot.autoconfigure.web.servlet.error.BasicErrorController.error(javax.servlet.http.HttpServletRequest)
[INFO ] 2019-05-15T07:49:31,555 [main] RequestMappingHandlerMapping - Mapped "{[/error],produces=[text/html]}" onto public org.springframework.web.servlet.ModelAndView org.springframework.boot.autoconfigure.web.servlet.error.BasicErrorController.errorHtml(javax.servlet.http.HttpServletRequest,javax.servlet.http.HttpServletResponse)
[INFO ] 2019-05-15T07:49:31,588 [main] SimpleUrlHandlerMapping - Mapped URL path [/webjars/**] onto handler of type [class org.springframework.web.servlet.resource.ResourceHttpRequestHandler]
[INFO ] 2019-05-15T07:49:31,589 [main] SimpleUrlHandlerMapping - Mapped URL path [/**] onto handler of type [class org.springframework.web.servlet.resource.ResourceHttpRequestHandler]
[INFO ] 2019-05-15T07:49:31,734 [main] WelcomePageHandlerMapping - Adding welcome page: class path resource [static/index.html]
[INFO ] 2019-05-15T07:49:31,907 [main] AnnotationMBeanExporter - Registering beans for JMX exposure on startup
[INFO ] 2019-05-15T07:49:31,924 [main] Http11NioProtocol - Starting ProtocolHandler ["http-nio-10050"]
[INFO ] 2019-05-15T07:49:31,928 [main] NioSelectorPool - Using a shared selector for servlet write/read
[INFO ] 2019-05-15T07:49:31,953 [main] TomcatWebServer - Tomcat started on port(s): 10050 (http) with context path ''
[INFO ] 2019-05-15T07:49:31,958 [main] Starter - Started Starter in 7.354 seconds (JVM running for 9.783)
[INFO ] 2019-05-15T07:49:38,097 [http-nio-10050-exec-1] [/] - Initializing Spring FrameworkServlet 'dispatcherServlet'
[INFO ] 2019-05-15T07:49:38,097 [http-nio-10050-exec-1] DispatcherServlet - FrameworkServlet 'dispatcherServlet': initialization started
[INFO ] 2019-05-15T07:49:38,146 [http-nio-10050-exec-1] DispatcherServlet - FrameworkServlet 'dispatcherServlet': initialization completed in 49 ms
[INFO ] 2019-05-15T07:49:56,435 [http-nio-10050-exec-5] LocalTypeInformationBuilder - Properties of type com.template.states.GradeState do not satisfy its constructor, type has been marked as non-composable
[ERROR] 2019-05-15T07:49:56,451 [http-nio-10050-exec-5] [dispatcherServlet] - Servlet.service() for servlet [dispatcherServlet] in context with path [] threw exception [Request processing failed; nested exception is net.corda.client.rpc.RPCException: java.util.List<*> -> Trying to build an object serializer for com.template.states.GradeState, but it is not constructible from its public properties, and so requires a custom serialiser.] with root cause
java.io.NotSerializableException: java.util.List<*> -> Trying to build an object serializer for com.template.states.GradeState, but it is not constructible from its public properties, and so requires a custom serialiser.
	at net.corda.serialization.internal.amqp.ObjectSerializer$Companion.make(ObjectSerializer.kt:18) ~[corda-serialization-4.0.jar:?]
	at net.corda.serialization.internal.amqp.DefaultLocalSerializerFactory.makeNonCustomSerializer(LocalSerializerFactory.kt:240) ~[corda-serialization-4.0.jar:?]
	at net.corda.serialization.internal.amqp.DefaultLocalSerializerFactory.access$makeNonCustomSerializer(LocalSerializerFactory.kt:79) ~[corda-serialization-4.0.jar:?]
	at net.corda.serialization.internal.amqp.DefaultLocalSerializerFactory$makeClassSerializer$1.invoke(LocalSerializerFactory.kt:222) ~[corda-serialization-4.0.jar:?]
	at net.corda.serialization.internal.amqp.DefaultLocalSerializerFactory$makeClassSerializer$1.invoke(LocalSerializerFactory.kt:79) ~[corda-serialization-4.0.jar:?]
	at net.corda.serialization.internal.amqp.DefaultLocalSerializerFactory.makeAndCache(LocalSerializerFactory.kt:123) ~[corda-serialization-4.0.jar:?]
	at net.corda.serialization.internal.amqp.DefaultLocalSerializerFactory.makeAndCache(LocalSerializerFactory.kt:119) ~[corda-serialization-4.0.jar:?]
	at net.corda.serialization.internal.amqp.DefaultLocalSerializerFactory.makeClassSerializer(LocalSerializerFactory.kt:213) ~[corda-serialization-4.0.jar:?]
	at net.corda.serialization.internal.amqp.DefaultLocalSerializerFactory.get(LocalSerializerFactory.kt:188) ~[corda-serialization-4.0.jar:?]
	at net.corda.serialization.internal.amqp.ComposedSerializerFactory.get(SerializerFactory.kt) ~[corda-serialization-4.0.jar:?]
	at net.corda.serialization.internal.amqp.SerializationOutput.writeObject$serialization(SerializationOutput.kt:128) ~[corda-serialization-4.0.jar:?]
	at net.corda.serialization.internal.amqp.SerializationOutput.writeObjectOrNull$serialization(SerializationOutput.kt:123) ~[corda-serialization-4.0.jar:?]
	at net.corda.serialization.internal.amqp.ArraySerializer$writeObject$1$1.invoke(ArraySerializer.kt:81) ~[corda-serialization-4.0.jar:?]
	at net.corda.serialization.internal.amqp.ArraySerializer$writeObject$1$1.invoke(ArraySerializer.kt:17) ~[corda-serialization-4.0.jar:?]
	at net.corda.serialization.internal.amqp.SerializationHelperKt.withList(SerializationHelper.kt:30) ~[corda-serialization-4.0.jar:?]
	at net.corda.serialization.internal.amqp.ArraySerializer$writeObject$1.invoke(ArraySerializer.kt:79) ~[corda-serialization-4.0.jar:?]
	at net.corda.serialization.internal.amqp.ArraySerializer$writeObject$1.invoke(ArraySerializer.kt:17) ~[corda-serialization-4.0.jar:?]
	at net.corda.serialization.internal.amqp.SerializationHelperKt.withDescribed(SerializationHelper.kt:19) ~[corda-serialization-4.0.jar:?]
	at net.corda.serialization.internal.amqp.ArraySerializer.writeObject(ArraySerializer.kt:78) ~[corda-serialization-4.0.jar:?]
	at net.corda.serialization.internal.amqp.SerializationOutput.writeObject$serialization(SerializationOutput.kt:136) ~[corda-serialization-4.0.jar:?]
	at net.corda.serialization.internal.amqp.SerializationOutput.writeObjectOrNull$serialization(SerializationOutput.kt:123) ~[corda-serialization-4.0.jar:?]
	at net.corda.serialization.internal.amqp.CollectionSerializer$writeObject$$inlined$ifThrowsAppend$lambda$1$1.invoke(CollectionSerializer.kt:114) ~[corda-serialization-4.0.jar:?]
	at net.corda.serialization.internal.amqp.CollectionSerializer$writeObject$$inlined$ifThrowsAppend$lambda$1$1.invoke(CollectionSerializer.kt:20) ~[corda-serialization-4.0.jar:?]
	at net.corda.serialization.internal.amqp.SerializationHelperKt.withList(SerializationHelper.kt:30) ~[corda-serialization-4.0.jar:?]
	at net.corda.serialization.internal.amqp.CollectionSerializer$writeObject$$inlined$ifThrowsAppend$lambda$1.invoke(CollectionSerializer.kt:112) ~[corda-serialization-4.0.jar:?]
	at net.corda.serialization.internal.amqp.CollectionSerializer$writeObject$$inlined$ifThrowsAppend$lambda$1.invoke(CollectionSerializer.kt:20) ~[corda-serialization-4.0.jar:?]
	at net.corda.serialization.internal.amqp.SerializationHelperKt.withDescribed(SerializationHelper.kt:19) ~[corda-serialization-4.0.jar:?]
	at net.corda.serialization.internal.amqp.CollectionSerializer.writeObject(CollectionSerializer.kt:111) ~[corda-serialization-4.0.jar:?]
	at net.corda.serialization.internal.amqp.SerializationOutput.writeObject$serialization(SerializationOutput.kt:136) ~[corda-serialization-4.0.jar:?]
	at net.corda.serialization.internal.amqp.SerializationOutput.writeObject$serialization$default(SerializationOutput.kt:127) ~[corda-serialization-4.0.jar:?]
	at net.corda.serialization.internal.amqp.SerializationOutput.writeObject$serialization(SerializationOutput.kt:108) ~[corda-serialization-4.0.jar:?]
	at net.corda.serialization.internal.amqp.SerializationOutput$_serialize$1$1.invoke(SerializationOutput.kt:83) ~[corda-serialization-4.0.jar:?]
	at net.corda.serialization.internal.amqp.SerializationOutput$_serialize$1$1.invoke(SerializationOutput.kt:32) ~[corda-serialization-4.0.jar:?]
	at net.corda.serialization.internal.amqp.SerializationHelperKt.withList(SerializationHelper.kt:30) ~[corda-serialization-4.0.jar:?]
	at net.corda.serialization.internal.amqp.SerializationOutput$_serialize$1.invoke(SerializationOutput.kt:82) ~[corda-serialization-4.0.jar:?]
	at net.corda.serialization.internal.amqp.SerializationOutput$_serialize$1.invoke(SerializationOutput.kt:32) ~[corda-serialization-4.0.jar:?]
	at net.corda.serialization.internal.amqp.SerializationHelperKt.withDescribed(SerializationHelper.kt:19) ~[corda-serialization-4.0.jar:?]
	at net.corda.serialization.internal.amqp.SerializationOutput._serialize$serialization(SerializationOutput.kt:81) ~[corda-serialization-4.0.jar:?]
	at net.corda.serialization.internal.amqp.SerializationOutput.serialize(SerializationOutput.kt:51) ~[corda-serialization-4.0.jar:?]
	at net.corda.serialization.internal.amqp.AbstractAMQPSerializationScheme.serialize(AMQPSerializationScheme.kt:235) ~[corda-serialization-4.0.jar:?]
	at net.corda.serialization.internal.SerializationFactoryImpl$serialize$1$1.invoke(SerializationScheme.kt:117) ~[corda-serialization-4.0.jar:?]
	at net.corda.serialization.internal.SerializationFactoryImpl$serialize$1$1.invoke(SerializationScheme.kt:70) ~[corda-serialization-4.0.jar:?]
	at net.corda.core.serialization.SerializationFactory.withCurrentContext(SerializationAPI.kt:72) ~[corda-core-4.0.jar:?]
	at net.corda.serialization.internal.SerializationFactoryImpl$serialize$1.invoke(SerializationScheme.kt:117) ~[corda-serialization-4.0.jar:?]
	at net.corda.serialization.internal.SerializationFactoryImpl$serialize$1.invoke(SerializationScheme.kt:70) ~[corda-serialization-4.0.jar:?]
	at net.corda.core.serialization.SerializationFactory.asCurrent(SerializationAPI.kt:86) ~[corda-core-4.0.jar:?]
	at net.corda.serialization.internal.SerializationFactoryImpl.serialize(SerializationScheme.kt:117) ~[corda-serialization-4.0.jar:?]
	at net.corda.core.serialization.SerializationAPIKt.serialize(SerializationAPI.kt:311) ~[corda-core-4.0.jar:?]
	at net.corda.core.serialization.SerializationAPIKt.serialize$default(SerializationAPI.kt:310) ~[corda-core-4.0.jar:?]
	at net.corda.client.rpc.internal.RPCClientProxyHandler.invoke(RPCClientProxyHandler.kt:257) ~[corda-rpc-4.0.jar:?]
	at com.sun.proxy.$Proxy78.startFlowDynamic(Unknown Source) ~[?:?]
	at com.template.webserver.Controller.templateendpoint(Controller.java:39) ~[classes/:?]
	at jdk.internal.reflect.NativeMethodAccessorImpl.invoke0(Native Method) ~[?:?]
	at jdk.internal.reflect.NativeMethodAccessorImpl.invoke(NativeMethodAccessorImpl.java:62) ~[?:?]
	at jdk.internal.reflect.DelegatingMethodAccessorImpl.invoke(DelegatingMethodAccessorImpl.java:43) ~[?:?]
	at java.lang.reflect.Method.invoke(Method.java:567) ~[?:?]
	at org.springframework.web.method.support.InvocableHandlerMethod.doInvoke(InvocableHandlerMethod.java:209) ~[spring-web-5.0.6.RELEASE.jar:5.0.6.RELEASE]
	at org.springframework.web.method.support.InvocableHandlerMethod.invokeForRequest(InvocableHandlerMethod.java:136) ~[spring-web-5.0.6.RELEASE.jar:5.0.6.RELEASE]
	at org.springframework.web.servlet.mvc.method.annotation.ServletInvocableHandlerMethod.invokeAndHandle(ServletInvocableHandlerMethod.java:102) ~[spring-webmvc-5.0.6.RELEASE.jar:5.0.6.RELEASE]
	at org.springframework.web.servlet.mvc.method.annotation.RequestMappingHandlerAdapter.invokeHandlerMethod(RequestMappingHandlerAdapter.java:877) ~[spring-webmvc-5.0.6.RELEASE.jar:5.0.6.RELEASE]
	at org.springframework.web.servlet.mvc.method.annotation.RequestMappingHandlerAdapter.handleInternal(RequestMappingHandlerAdapter.java:783) ~[spring-webmvc-5.0.6.RELEASE.jar:5.0.6.RELEASE]
	at org.springframework.web.servlet.mvc.method.AbstractHandlerMethodAdapter.handle(AbstractHandlerMethodAdapter.java:87) ~[spring-webmvc-5.0.6.RELEASE.jar:5.0.6.RELEASE]
	at org.springframework.web.servlet.DispatcherServlet.doDispatch(DispatcherServlet.java:991) ~[spring-webmvc-5.0.6.RELEASE.jar:5.0.6.RELEASE]
	at org.springframework.web.servlet.DispatcherServlet.doService(DispatcherServlet.java:925) ~[spring-webmvc-5.0.6.RELEASE.jar:5.0.6.RELEASE]
	at org.springframework.web.servlet.FrameworkServlet.processRequest(FrameworkServlet.java:974) ~[spring-webmvc-5.0.6.RELEASE.jar:5.0.6.RELEASE]
	at org.springframework.web.servlet.FrameworkServlet.doGet(FrameworkServlet.java:866) ~[spring-webmvc-5.0.6.RELEASE.jar:5.0.6.RELEASE]
	at javax.servlet.http.HttpServlet.service(HttpServlet.java:635) ~[tomcat-embed-core-8.5.31.jar:8.5.31]
	at org.springframework.web.servlet.FrameworkServlet.service(FrameworkServlet.java:851) ~[spring-webmvc-5.0.6.RELEASE.jar:5.0.6.RELEASE]
	at javax.servlet.http.HttpServlet.service(HttpServlet.java:742) ~[tomcat-embed-core-8.5.31.jar:8.5.31]
	at org.apache.catalina.core.ApplicationFilterChain.internalDoFilter(ApplicationFilterChain.java:231) ~[tomcat-embed-core-8.5.31.jar:8.5.31]
	at org.apache.catalina.core.ApplicationFilterChain.doFilter(ApplicationFilterChain.java:166) ~[tomcat-embed-core-8.5.31.jar:8.5.31]
	at org.apache.tomcat.websocket.server.WsFilter.doFilter(WsFilter.java:52) ~[tomcat-embed-websocket-8.5.31.jar:8.5.31]
	at org.apache.catalina.core.ApplicationFilterChain.internalDoFilter(ApplicationFilterChain.java:193) ~[tomcat-embed-core-8.5.31.jar:8.5.31]
	at org.apache.catalina.core.ApplicationFilterChain.doFilter(ApplicationFilterChain.java:166) ~[tomcat-embed-core-8.5.31.jar:8.5.31]
	at org.springframework.web.filter.RequestContextFilter.doFilterInternal(RequestContextFilter.java:99) ~[spring-web-5.0.6.RELEASE.jar:5.0.6.RELEASE]
	at org.springframework.web.filter.OncePerRequestFilter.doFilter(OncePerRequestFilter.java:107) ~[spring-web-5.0.6.RELEASE.jar:5.0.6.RELEASE]
	at org.apache.catalina.core.ApplicationFilterChain.internalDoFilter(ApplicationFilterChain.java:193) ~[tomcat-embed-core-8.5.31.jar:8.5.31]
	at org.apache.catalina.core.ApplicationFilterChain.doFilter(ApplicationFilterChain.java:166) ~[tomcat-embed-core-8.5.31.jar:8.5.31]
	at org.springframework.web.filter.HttpPutFormContentFilter.doFilterInternal(HttpPutFormContentFilter.java:109) ~[spring-web-5.0.6.RELEASE.jar:5.0.6.RELEASE]
	at org.springframework.web.filter.OncePerRequestFilter.doFilter(OncePerRequestFilter.java:107) ~[spring-web-5.0.6.RELEASE.jar:5.0.6.RELEASE]
	at org.apache.catalina.core.ApplicationFilterChain.internalDoFilter(ApplicationFilterChain.java:193) ~[tomcat-embed-core-8.5.31.jar:8.5.31]
	at org.apache.catalina.core.ApplicationFilterChain.doFilter(ApplicationFilterChain.java:166) ~[tomcat-embed-core-8.5.31.jar:8.5.31]
	at org.springframework.web.filter.HiddenHttpMethodFilter.doFilterInternal(HiddenHttpMethodFilter.java:81) ~[spring-web-5.0.6.RELEASE.jar:5.0.6.RELEASE]
	at org.springframework.web.filter.OncePerRequestFilter.doFilter(OncePerRequestFilter.java:107) ~[spring-web-5.0.6.RELEASE.jar:5.0.6.RELEASE]
	at org.apache.catalina.core.ApplicationFilterChain.internalDoFilter(ApplicationFilterChain.java:193) ~[tomcat-embed-core-8.5.31.jar:8.5.31]
	at org.apache.catalina.core.ApplicationFilterChain.doFilter(ApplicationFilterChain.java:166) ~[tomcat-embed-core-8.5.31.jar:8.5.31]
	at org.springframework.web.filter.CharacterEncodingFilter.doFilterInternal(CharacterEncodingFilter.java:200) ~[spring-web-5.0.6.RELEASE.jar:5.0.6.RELEASE]
	at org.springframework.web.filter.OncePerRequestFilter.doFilter(OncePerRequestFilter.java:107) ~[spring-web-5.0.6.RELEASE.jar:5.0.6.RELEASE]
	at org.apache.catalina.core.ApplicationFilterChain.internalDoFilter(ApplicationFilterChain.java:193) ~[tomcat-embed-core-8.5.31.jar:8.5.31]
	at org.apache.catalina.core.ApplicationFilterChain.doFilter(ApplicationFilterChain.java:166) ~[tomcat-embed-core-8.5.31.jar:8.5.31]
	at org.apache.catalina.core.StandardWrapperValve.invoke(StandardWrapperValve.java:198) [tomcat-embed-core-8.5.31.jar:8.5.31]
	at org.apache.catalina.core.StandardContextValve.invoke(StandardContextValve.java:96) [tomcat-embed-core-8.5.31.jar:8.5.31]
	at org.apache.catalina.authenticator.AuthenticatorBase.invoke(AuthenticatorBase.java:496) [tomcat-embed-core-8.5.31.jar:8.5.31]
	at org.apache.catalina.core.StandardHostValve.invoke(StandardHostValve.java:140) [tomcat-embed-core-8.5.31.jar:8.5.31]
	at org.apache.catalina.valves.ErrorReportValve.invoke(ErrorReportValve.java:81) [tomcat-embed-core-8.5.31.jar:8.5.31]
	at org.apache.catalina.core.StandardEngineValve.invoke(StandardEngineValve.java:87) [tomcat-embed-core-8.5.31.jar:8.5.31]
	at org.apache.catalina.connector.CoyoteAdapter.service(CoyoteAdapter.java:342) [tomcat-embed-core-8.5.31.jar:8.5.31]
	at org.apache.coyote.http11.Http11Processor.service(Http11Processor.java:803) [tomcat-embed-core-8.5.31.jar:8.5.31]
	at org.apache.coyote.AbstractProcessorLight.process(AbstractProcessorLight.java:66) [tomcat-embed-core-8.5.31.jar:8.5.31]
	at org.apache.coyote.AbstractProtocol$ConnectionHandler.process(AbstractProtocol.java:790) [tomcat-embed-core-8.5.31.jar:8.5.31]
	at org.apache.tomcat.util.net.NioEndpoint$SocketProcessor.doRun(NioEndpoint.java:1468) [tomcat-embed-core-8.5.31.jar:8.5.31]
	at org.apache.tomcat.util.net.SocketProcessorBase.run(SocketProcessorBase.java:49) [tomcat-embed-core-8.5.31.jar:8.5.31]
	at java.util.concurrent.ThreadPoolExecutor.runWorker(ThreadPoolExecutor.java:1128) [?:?]
	at java.util.concurrent.ThreadPoolExecutor$Worker.run(ThreadPoolExecutor.java:628) [?:?]
	at org.apache.tomcat.util.threads.TaskThread$WrappingRunnable.run(TaskThread.java:61) [tomcat-embed-core-8.5.31.jar:8.5.31]
	at java.lang.Thread.run(Thread.java:835) [?:?]
[ERROR] 2019-05-15T07:50:08,268 [http-nio-10050-exec-8] [dispatcherServlet] - Servlet.service() for servlet [dispatcherServlet] in context with path [] threw exception [Request processing failed; nested exception is net.corda.client.rpc.RPCException: java.util.List<*> -> Trying to build an object serializer for com.template.states.GradeState, but it is not constructible from its public properties, and so requires a custom serialiser.] with root cause
java.io.NotSerializableException: java.util.List<*> -> Trying to build an object serializer for com.template.states.GradeState, but it is not constructible from its public properties, and so requires a custom serialiser.
	at net.corda.serialization.internal.amqp.ObjectSerializer$Companion.make(ObjectSerializer.kt:18) ~[corda-serialization-4.0.jar:?]
	at net.corda.serialization.internal.amqp.DefaultLocalSerializerFactory.makeNonCustomSerializer(LocalSerializerFactory.kt:240) ~[corda-serialization-4.0.jar:?]
	at net.corda.serialization.internal.amqp.DefaultLocalSerializerFactory.access$makeNonCustomSerializer(LocalSerializerFactory.kt:79) ~[corda-serialization-4.0.jar:?]
	at net.corda.serialization.internal.amqp.DefaultLocalSerializerFactory$makeClassSerializer$1.invoke(LocalSerializerFactory.kt:222) ~[corda-serialization-4.0.jar:?]
	at net.corda.serialization.internal.amqp.DefaultLocalSerializerFactory$makeClassSerializer$1.invoke(LocalSerializerFactory.kt:79) ~[corda-serialization-4.0.jar:?]
	at net.corda.serialization.internal.amqp.DefaultLocalSerializerFactory.makeAndCache(LocalSerializerFactory.kt:123) ~[corda-serialization-4.0.jar:?]
	at net.corda.serialization.internal.amqp.DefaultLocalSerializerFactory.makeAndCache(LocalSerializerFactory.kt:119) ~[corda-serialization-4.0.jar:?]
	at net.corda.serialization.internal.amqp.DefaultLocalSerializerFactory.makeClassSerializer(LocalSerializerFactory.kt:213) ~[corda-serialization-4.0.jar:?]
	at net.corda.serialization.internal.amqp.DefaultLocalSerializerFactory.get(LocalSerializerFactory.kt:188) ~[corda-serialization-4.0.jar:?]
	at net.corda.serialization.internal.amqp.ComposedSerializerFactory.get(SerializerFactory.kt) ~[corda-serialization-4.0.jar:?]
	at net.corda.serialization.internal.amqp.SerializationOutput.writeObject$serialization(SerializationOutput.kt:128) ~[corda-serialization-4.0.jar:?]
	at net.corda.serialization.internal.amqp.SerializationOutput.writeObjectOrNull$serialization(SerializationOutput.kt:123) ~[corda-serialization-4.0.jar:?]
	at net.corda.serialization.internal.amqp.ArraySerializer$writeObject$1$1.invoke(ArraySerializer.kt:81) ~[corda-serialization-4.0.jar:?]
	at net.corda.serialization.internal.amqp.ArraySerializer$writeObject$1$1.invoke(ArraySerializer.kt:17) ~[corda-serialization-4.0.jar:?]
	at net.corda.serialization.internal.amqp.SerializationHelperKt.withList(SerializationHelper.kt:30) ~[corda-serialization-4.0.jar:?]
	at net.corda.serialization.internal.amqp.ArraySerializer$writeObject$1.invoke(ArraySerializer.kt:79) ~[corda-serialization-4.0.jar:?]
	at net.corda.serialization.internal.amqp.ArraySerializer$writeObject$1.invoke(ArraySerializer.kt:17) ~[corda-serialization-4.0.jar:?]
	at net.corda.serialization.internal.amqp.SerializationHelperKt.withDescribed(SerializationHelper.kt:19) ~[corda-serialization-4.0.jar:?]
	at net.corda.serialization.internal.amqp.ArraySerializer.writeObject(ArraySerializer.kt:78) ~[corda-serialization-4.0.jar:?]
	at net.corda.serialization.internal.amqp.SerializationOutput.writeObject$serialization(SerializationOutput.kt:136) ~[corda-serialization-4.0.jar:?]
	at net.corda.serialization.internal.amqp.SerializationOutput.writeObjectOrNull$serialization(SerializationOutput.kt:123) ~[corda-serialization-4.0.jar:?]
	at net.corda.serialization.internal.amqp.CollectionSerializer$writeObject$$inlined$ifThrowsAppend$lambda$1$1.invoke(CollectionSerializer.kt:114) ~[corda-serialization-4.0.jar:?]
	at net.corda.serialization.internal.amqp.CollectionSerializer$writeObject$$inlined$ifThrowsAppend$lambda$1$1.invoke(CollectionSerializer.kt:20) ~[corda-serialization-4.0.jar:?]
	at net.corda.serialization.internal.amqp.SerializationHelperKt.withList(SerializationHelper.kt:30) ~[corda-serialization-4.0.jar:?]
	at net.corda.serialization.internal.amqp.CollectionSerializer$writeObject$$inlined$ifThrowsAppend$lambda$1.invoke(CollectionSerializer.kt:112) ~[corda-serialization-4.0.jar:?]
	at net.corda.serialization.internal.amqp.CollectionSerializer$writeObject$$inlined$ifThrowsAppend$lambda$1.invoke(CollectionSerializer.kt:20) ~[corda-serialization-4.0.jar:?]
	at net.corda.serialization.internal.amqp.SerializationHelperKt.withDescribed(SerializationHelper.kt:19) ~[corda-serialization-4.0.jar:?]
	at net.corda.serialization.internal.amqp.CollectionSerializer.writeObject(CollectionSerializer.kt:111) ~[corda-serialization-4.0.jar:?]
	at net.corda.serialization.internal.amqp.SerializationOutput.writeObject$serialization(SerializationOutput.kt:136) ~[corda-serialization-4.0.jar:?]
	at net.corda.serialization.internal.amqp.SerializationOutput.writeObject$serialization$default(SerializationOutput.kt:127) ~[corda-serialization-4.0.jar:?]
	at net.corda.serialization.internal.amqp.SerializationOutput.writeObject$serialization(SerializationOutput.kt:108) ~[corda-serialization-4.0.jar:?]
	at net.corda.serialization.internal.amqp.SerializationOutput$_serialize$1$1.invoke(SerializationOutput.kt:83) ~[corda-serialization-4.0.jar:?]
	at net.corda.serialization.internal.amqp.SerializationOutput$_serialize$1$1.invoke(SerializationOutput.kt:32) ~[corda-serialization-4.0.jar:?]
	at net.corda.serialization.internal.amqp.SerializationHelperKt.withList(SerializationHelper.kt:30) ~[corda-serialization-4.0.jar:?]
	at net.corda.serialization.internal.amqp.SerializationOutput$_serialize$1.invoke(SerializationOutput.kt:82) ~[corda-serialization-4.0.jar:?]
	at net.corda.serialization.internal.amqp.SerializationOutput$_serialize$1.invoke(SerializationOutput.kt:32) ~[corda-serialization-4.0.jar:?]
	at net.corda.serialization.internal.amqp.SerializationHelperKt.withDescribed(SerializationHelper.kt:19) ~[corda-serialization-4.0.jar:?]
	at net.corda.serialization.internal.amqp.SerializationOutput._serialize$serialization(SerializationOutput.kt:81) ~[corda-serialization-4.0.jar:?]
	at net.corda.serialization.internal.amqp.SerializationOutput.serialize(SerializationOutput.kt:51) ~[corda-serialization-4.0.jar:?]
	at net.corda.serialization.internal.amqp.AbstractAMQPSerializationScheme.serialize(AMQPSerializationScheme.kt:235) ~[corda-serialization-4.0.jar:?]
	at net.corda.serialization.internal.SerializationFactoryImpl$serialize$1$1.invoke(SerializationScheme.kt:117) ~[corda-serialization-4.0.jar:?]
	at net.corda.serialization.internal.SerializationFactoryImpl$serialize$1$1.invoke(SerializationScheme.kt:70) ~[corda-serialization-4.0.jar:?]
	at net.corda.core.serialization.SerializationFactory.withCurrentContext(SerializationAPI.kt:72) ~[corda-core-4.0.jar:?]
	at net.corda.serialization.internal.SerializationFactoryImpl$serialize$1.invoke(SerializationScheme.kt:117) ~[corda-serialization-4.0.jar:?]
	at net.corda.serialization.internal.SerializationFactoryImpl$serialize$1.invoke(SerializationScheme.kt:70) ~[corda-serialization-4.0.jar:?]
	at net.corda.core.serialization.SerializationFactory.asCurrent(SerializationAPI.kt:86) ~[corda-core-4.0.jar:?]
	at net.corda.serialization.internal.SerializationFactoryImpl.serialize(SerializationScheme.kt:117) ~[corda-serialization-4.0.jar:?]
	at net.corda.core.serialization.SerializationAPIKt.serialize(SerializationAPI.kt:311) ~[corda-core-4.0.jar:?]
	at net.corda.core.serialization.SerializationAPIKt.serialize$default(SerializationAPI.kt:310) ~[corda-core-4.0.jar:?]
	at net.corda.client.rpc.internal.RPCClientProxyHandler.invoke(RPCClientProxyHandler.kt:257) ~[corda-rpc-4.0.jar:?]
	at com.sun.proxy.$Proxy78.startFlowDynamic(Unknown Source) ~[?:?]
	at com.template.webserver.Controller.templateendpoint(Controller.java:39) ~[classes/:?]
	at jdk.internal.reflect.NativeMethodAccessorImpl.invoke0(Native Method) ~[?:?]
	at jdk.internal.reflect.NativeMethodAccessorImpl.invoke(NativeMethodAccessorImpl.java:62) ~[?:?]
	at jdk.internal.reflect.DelegatingMethodAccessorImpl.invoke(DelegatingMethodAccessorImpl.java:43) ~[?:?]
	at java.lang.reflect.Method.invoke(Method.java:567) ~[?:?]
	at org.springframework.web.method.support.InvocableHandlerMethod.doInvoke(InvocableHandlerMethod.java:209) ~[spring-web-5.0.6.RELEASE.jar:5.0.6.RELEASE]
	at org.springframework.web.method.support.InvocableHandlerMethod.invokeForRequest(InvocableHandlerMethod.java:136) ~[spring-web-5.0.6.RELEASE.jar:5.0.6.RELEASE]
	at org.springframework.web.servlet.mvc.method.annotation.ServletInvocableHandlerMethod.invokeAndHandle(ServletInvocableHandlerMethod.java:102) ~[spring-webmvc-5.0.6.RELEASE.jar:5.0.6.RELEASE]
	at org.springframework.web.servlet.mvc.method.annotation.RequestMappingHandlerAdapter.invokeHandlerMethod(RequestMappingHandlerAdapter.java:877) ~[spring-webmvc-5.0.6.RELEASE.jar:5.0.6.RELEASE]
	at org.springframework.web.servlet.mvc.method.annotation.RequestMappingHandlerAdapter.handleInternal(RequestMappingHandlerAdapter.java:783) ~[spring-webmvc-5.0.6.RELEASE.jar:5.0.6.RELEASE]
	at org.springframework.web.servlet.mvc.method.AbstractHandlerMethodAdapter.handle(AbstractHandlerMethodAdapter.java:87) ~[spring-webmvc-5.0.6.RELEASE.jar:5.0.6.RELEASE]
	at org.springframework.web.servlet.DispatcherServlet.doDispatch(DispatcherServlet.java:991) ~[spring-webmvc-5.0.6.RELEASE.jar:5.0.6.RELEASE]
	at org.springframework.web.servlet.DispatcherServlet.doService(DispatcherServlet.java:925) ~[spring-webmvc-5.0.6.RELEASE.jar:5.0.6.RELEASE]
	at org.springframework.web.servlet.FrameworkServlet.processRequest(FrameworkServlet.java:974) ~[spring-webmvc-5.0.6.RELEASE.jar:5.0.6.RELEASE]
	at org.springframework.web.servlet.FrameworkServlet.doGet(FrameworkServlet.java:866) ~[spring-webmvc-5.0.6.RELEASE.jar:5.0.6.RELEASE]
	at javax.servlet.http.HttpServlet.service(HttpServlet.java:635) ~[tomcat-embed-core-8.5.31.jar:8.5.31]
	at org.springframework.web.servlet.FrameworkServlet.service(FrameworkServlet.java:851) ~[spring-webmvc-5.0.6.RELEASE.jar:5.0.6.RELEASE]
	at javax.servlet.http.HttpServlet.service(HttpServlet.java:742) ~[tomcat-embed-core-8.5.31.jar:8.5.31]
	at org.apache.catalina.core.ApplicationFilterChain.internalDoFilter(ApplicationFilterChain.java:231) ~[tomcat-embed-core-8.5.31.jar:8.5.31]
	at org.apache.catalina.core.ApplicationFilterChain.doFilter(ApplicationFilterChain.java:166) ~[tomcat-embed-core-8.5.31.jar:8.5.31]
	at org.apache.tomcat.websocket.server.WsFilter.doFilter(WsFilter.java:52) ~[tomcat-embed-websocket-8.5.31.jar:8.5.31]
	at org.apache.catalina.core.ApplicationFilterChain.internalDoFilter(ApplicationFilterChain.java:193) ~[tomcat-embed-core-8.5.31.jar:8.5.31]
	at org.apache.catalina.core.ApplicationFilterChain.doFilter(ApplicationFilterChain.java:166) ~[tomcat-embed-core-8.5.31.jar:8.5.31]
	at org.springframework.web.filter.RequestContextFilter.doFilterInternal(RequestContextFilter.java:99) ~[spring-web-5.0.6.RELEASE.jar:5.0.6.RELEASE]
	at org.springframework.web.filter.OncePerRequestFilter.doFilter(OncePerRequestFilter.java:107) ~[spring-web-5.0.6.RELEASE.jar:5.0.6.RELEASE]
	at org.apache.catalina.core.ApplicationFilterChain.internalDoFilter(ApplicationFilterChain.java:193) ~[tomcat-embed-core-8.5.31.jar:8.5.31]
	at org.apache.catalina.core.ApplicationFilterChain.doFilter(ApplicationFilterChain.java:166) ~[tomcat-embed-core-8.5.31.jar:8.5.31]
	at org.springframework.web.filter.HttpPutFormContentFilter.doFilterInternal(HttpPutFormContentFilter.java:109) ~[spring-web-5.0.6.RELEASE.jar:5.0.6.RELEASE]
	at org.springframework.web.filter.OncePerRequestFilter.doFilter(OncePerRequestFilter.java:107) ~[spring-web-5.0.6.RELEASE.jar:5.0.6.RELEASE]
	at org.apache.catalina.core.ApplicationFilterChain.internalDoFilter(ApplicationFilterChain.java:193) ~[tomcat-embed-core-8.5.31.jar:8.5.31]
	at org.apache.catalina.core.ApplicationFilterChain.doFilter(ApplicationFilterChain.java:166) ~[tomcat-embed-core-8.5.31.jar:8.5.31]
	at org.springframework.web.filter.HiddenHttpMethodFilter.doFilterInternal(HiddenHttpMethodFilter.java:81) ~[spring-web-5.0.6.RELEASE.jar:5.0.6.RELEASE]
	at org.springframework.web.filter.OncePerRequestFilter.doFilter(OncePerRequestFilter.java:107) ~[spring-web-5.0.6.RELEASE.jar:5.0.6.RELEASE]
	at org.apache.catalina.core.ApplicationFilterChain.internalDoFilter(ApplicationFilterChain.java:193) ~[tomcat-embed-core-8.5.31.jar:8.5.31]
	at org.apache.catalina.core.ApplicationFilterChain.doFilter(ApplicationFilterChain.java:166) ~[tomcat-embed-core-8.5.31.jar:8.5.31]
	at org.springframework.web.filter.CharacterEncodingFilter.doFilterInternal(CharacterEncodingFilter.java:200) ~[spring-web-5.0.6.RELEASE.jar:5.0.6.RELEASE]
	at org.springframework.web.filter.OncePerRequestFilter.doFilter(OncePerRequestFilter.java:107) ~[spring-web-5.0.6.RELEASE.jar:5.0.6.RELEASE]
	at org.apache.catalina.core.ApplicationFilterChain.internalDoFilter(ApplicationFilterChain.java:193) ~[tomcat-embed-core-8.5.31.jar:8.5.31]
	at org.apache.catalina.core.ApplicationFilterChain.doFilter(ApplicationFilterChain.java:166) ~[tomcat-embed-core-8.5.31.jar:8.5.31]
	at org.apache.catalina.core.StandardWrapperValve.invoke(StandardWrapperValve.java:198) [tomcat-embed-core-8.5.31.jar:8.5.31]
	at org.apache.catalina.core.StandardContextValve.invoke(StandardContextValve.java:96) [tomcat-embed-core-8.5.31.jar:8.5.31]
	at org.apache.catalina.authenticator.AuthenticatorBase.invoke(AuthenticatorBase.java:496) [tomcat-embed-core-8.5.31.jar:8.5.31]
	at org.apache.catalina.core.StandardHostValve.invoke(StandardHostValve.java:140) [tomcat-embed-core-8.5.31.jar:8.5.31]
	at org.apache.catalina.valves.ErrorReportValve.invoke(ErrorReportValve.java:81) [tomcat-embed-core-8.5.31.jar:8.5.31]
	at org.apache.catalina.core.StandardEngineValve.invoke(StandardEngineValve.java:87) [tomcat-embed-core-8.5.31.jar:8.5.31]
	at org.apache.catalina.connector.CoyoteAdapter.service(CoyoteAdapter.java:342) [tomcat-embed-core-8.5.31.jar:8.5.31]
	at org.apache.coyote.http11.Http11Processor.service(Http11Processor.java:803) [tomcat-embed-core-8.5.31.jar:8.5.31]
	at org.apache.coyote.AbstractProcessorLight.process(AbstractProcessorLight.java:66) [tomcat-embed-core-8.5.31.jar:8.5.31]
	at org.apache.coyote.AbstractProtocol$ConnectionHandler.process(AbstractProtocol.java:790) [tomcat-embed-core-8.5.31.jar:8.5.31]
	at org.apache.tomcat.util.net.NioEndpoint$SocketProcessor.doRun(NioEndpoint.java:1468) [tomcat-embed-core-8.5.31.jar:8.5.31]
	at org.apache.tomcat.util.net.SocketProcessorBase.run(SocketProcessorBase.java:49) [tomcat-embed-core-8.5.31.jar:8.5.31]
	at java.util.concurrent.ThreadPoolExecutor.runWorker(ThreadPoolExecutor.java:1128) [?:?]
	at java.util.concurrent.ThreadPoolExecutor$Worker.run(ThreadPoolExecutor.java:628) [?:?]
	at org.apache.tomcat.util.threads.TaskThread$WrappingRunnable.run(TaskThread.java:61) [tomcat-embed-core-8.5.31.jar:8.5.31]
	at java.lang.Thread.run(Thread.java:835) [?:?]
[ERROR] 2019-05-15T07:50:44,404 [http-nio-10050-exec-10] [dispatcherServlet] - Servlet.service() for servlet [dispatcherServlet] in context with path [] threw exception [Request processing failed; nested exception is net.corda.client.rpc.RPCException: java.util.List<*> -> Trying to build an object serializer for com.template.states.GradeState, but it is not constructible from its public properties, and so requires a custom serialiser.] with root cause
java.io.NotSerializableException: java.util.List<*> -> Trying to build an object serializer for com.template.states.GradeState, but it is not constructible from its public properties, and so requires a custom serialiser.
	at net.corda.serialization.internal.amqp.ObjectSerializer$Companion.make(ObjectSerializer.kt:18) ~[corda-serialization-4.0.jar:?]
	at net.corda.serialization.internal.amqp.DefaultLocalSerializerFactory.makeNonCustomSerializer(LocalSerializerFactory.kt:240) ~[corda-serialization-4.0.jar:?]
	at net.corda.serialization.internal.amqp.DefaultLocalSerializerFactory.access$makeNonCustomSerializer(LocalSerializerFactory.kt:79) ~[corda-serialization-4.0.jar:?]
	at net.corda.serialization.internal.amqp.DefaultLocalSerializerFactory$makeClassSerializer$1.invoke(LocalSerializerFactory.kt:222) ~[corda-serialization-4.0.jar:?]
	at net.corda.serialization.internal.amqp.DefaultLocalSerializerFactory$makeClassSerializer$1.invoke(LocalSerializerFactory.kt:79) ~[corda-serialization-4.0.jar:?]
	at net.corda.serialization.internal.amqp.DefaultLocalSerializerFactory.makeAndCache(LocalSerializerFactory.kt:123) ~[corda-serialization-4.0.jar:?]
	at net.corda.serialization.internal.amqp.DefaultLocalSerializerFactory.makeAndCache(LocalSerializerFactory.kt:119) ~[corda-serialization-4.0.jar:?]
	at net.corda.serialization.internal.amqp.DefaultLocalSerializerFactory.makeClassSerializer(LocalSerializerFactory.kt:213) ~[corda-serialization-4.0.jar:?]
	at net.corda.serialization.internal.amqp.DefaultLocalSerializerFactory.get(LocalSerializerFactory.kt:188) ~[corda-serialization-4.0.jar:?]
	at net.corda.serialization.internal.amqp.ComposedSerializerFactory.get(SerializerFactory.kt) ~[corda-serialization-4.0.jar:?]
	at net.corda.serialization.internal.amqp.SerializationOutput.writeObject$serialization(SerializationOutput.kt:128) ~[corda-serialization-4.0.jar:?]
	at net.corda.serialization.internal.amqp.SerializationOutput.writeObjectOrNull$serialization(SerializationOutput.kt:123) ~[corda-serialization-4.0.jar:?]
	at net.corda.serialization.internal.amqp.ArraySerializer$writeObject$1$1.invoke(ArraySerializer.kt:81) ~[corda-serialization-4.0.jar:?]
	at net.corda.serialization.internal.amqp.ArraySerializer$writeObject$1$1.invoke(ArraySerializer.kt:17) ~[corda-serialization-4.0.jar:?]
	at net.corda.serialization.internal.amqp.SerializationHelperKt.withList(SerializationHelper.kt:30) ~[corda-serialization-4.0.jar:?]
	at net.corda.serialization.internal.amqp.ArraySerializer$writeObject$1.invoke(ArraySerializer.kt:79) ~[corda-serialization-4.0.jar:?]
	at net.corda.serialization.internal.amqp.ArraySerializer$writeObject$1.invoke(ArraySerializer.kt:17) ~[corda-serialization-4.0.jar:?]
	at net.corda.serialization.internal.amqp.SerializationHelperKt.withDescribed(SerializationHelper.kt:19) ~[corda-serialization-4.0.jar:?]
	at net.corda.serialization.internal.amqp.ArraySerializer.writeObject(ArraySerializer.kt:78) ~[corda-serialization-4.0.jar:?]
	at net.corda.serialization.internal.amqp.SerializationOutput.writeObject$serialization(SerializationOutput.kt:136) ~[corda-serialization-4.0.jar:?]
	at net.corda.serialization.internal.amqp.SerializationOutput.writeObjectOrNull$serialization(SerializationOutput.kt:123) ~[corda-serialization-4.0.jar:?]
	at net.corda.serialization.internal.amqp.CollectionSerializer$writeObject$$inlined$ifThrowsAppend$lambda$1$1.invoke(CollectionSerializer.kt:114) ~[corda-serialization-4.0.jar:?]
	at net.corda.serialization.internal.amqp.CollectionSerializer$writeObject$$inlined$ifThrowsAppend$lambda$1$1.invoke(CollectionSerializer.kt:20) ~[corda-serialization-4.0.jar:?]
	at net.corda.serialization.internal.amqp.SerializationHelperKt.withList(SerializationHelper.kt:30) ~[corda-serialization-4.0.jar:?]
	at net.corda.serialization.internal.amqp.CollectionSerializer$writeObject$$inlined$ifThrowsAppend$lambda$1.invoke(CollectionSerializer.kt:112) ~[corda-serialization-4.0.jar:?]
	at net.corda.serialization.internal.amqp.CollectionSerializer$writeObject$$inlined$ifThrowsAppend$lambda$1.invoke(CollectionSerializer.kt:20) ~[corda-serialization-4.0.jar:?]
	at net.corda.serialization.internal.amqp.SerializationHelperKt.withDescribed(SerializationHelper.kt:19) ~[corda-serialization-4.0.jar:?]
	at net.corda.serialization.internal.amqp.CollectionSerializer.writeObject(CollectionSerializer.kt:111) ~[corda-serialization-4.0.jar:?]
	at net.corda.serialization.internal.amqp.SerializationOutput.writeObject$serialization(SerializationOutput.kt:136) ~[corda-serialization-4.0.jar:?]
	at net.corda.serialization.internal.amqp.SerializationOutput.writeObject$serialization$default(SerializationOutput.kt:127) ~[corda-serialization-4.0.jar:?]
	at net.corda.serialization.internal.amqp.SerializationOutput.writeObject$serialization(SerializationOutput.kt:108) ~[corda-serialization-4.0.jar:?]
	at net.corda.serialization.internal.amqp.SerializationOutput$_serialize$1$1.invoke(SerializationOutput.kt:83) ~[corda-serialization-4.0.jar:?]
	at net.corda.serialization.internal.amqp.SerializationOutput$_serialize$1$1.invoke(SerializationOutput.kt:32) ~[corda-serialization-4.0.jar:?]
	at net.corda.serialization.internal.amqp.SerializationHelperKt.withList(SerializationHelper.kt:30) ~[corda-serialization-4.0.jar:?]
	at net.corda.serialization.internal.amqp.SerializationOutput$_serialize$1.invoke(SerializationOutput.kt:82) ~[corda-serialization-4.0.jar:?]
	at net.corda.serialization.internal.amqp.SerializationOutput$_serialize$1.invoke(SerializationOutput.kt:32) ~[corda-serialization-4.0.jar:?]
	at net.corda.serialization.internal.amqp.SerializationHelperKt.withDescribed(SerializationHelper.kt:19) ~[corda-serialization-4.0.jar:?]
	at net.corda.serialization.internal.amqp.SerializationOutput._serialize$serialization(SerializationOutput.kt:81) ~[corda-serialization-4.0.jar:?]
	at net.corda.serialization.internal.amqp.SerializationOutput.serialize(SerializationOutput.kt:51) ~[corda-serialization-4.0.jar:?]
	at net.corda.serialization.internal.amqp.AbstractAMQPSerializationScheme.serialize(AMQPSerializationScheme.kt:235) ~[corda-serialization-4.0.jar:?]
	at net.corda.serialization.internal.SerializationFactoryImpl$serialize$1$1.invoke(SerializationScheme.kt:117) ~[corda-serialization-4.0.jar:?]
	at net.corda.serialization.internal.SerializationFactoryImpl$serialize$1$1.invoke(SerializationScheme.kt:70) ~[corda-serialization-4.0.jar:?]
	at net.corda.core.serialization.SerializationFactory.withCurrentContext(SerializationAPI.kt:72) ~[corda-core-4.0.jar:?]
	at net.corda.serialization.internal.SerializationFactoryImpl$serialize$1.invoke(SerializationScheme.kt:117) ~[corda-serialization-4.0.jar:?]
	at net.corda.serialization.internal.SerializationFactoryImpl$serialize$1.invoke(SerializationScheme.kt:70) ~[corda-serialization-4.0.jar:?]
	at net.corda.core.serialization.SerializationFactory.asCurrent(SerializationAPI.kt:86) ~[corda-core-4.0.jar:?]
	at net.corda.serialization.internal.SerializationFactoryImpl.serialize(SerializationScheme.kt:117) ~[corda-serialization-4.0.jar:?]
	at net.corda.core.serialization.SerializationAPIKt.serialize(SerializationAPI.kt:311) ~[corda-core-4.0.jar:?]
	at net.corda.core.serialization.SerializationAPIKt.serialize$default(SerializationAPI.kt:310) ~[corda-core-4.0.jar:?]
	at net.corda.client.rpc.internal.RPCClientProxyHandler.invoke(RPCClientProxyHandler.kt:257) ~[corda-rpc-4.0.jar:?]
	at com.sun.proxy.$Proxy78.startFlowDynamic(Unknown Source) ~[?:?]
	at com.template.webserver.Controller.templateendpoint(Controller.java:39) ~[classes/:?]
	at jdk.internal.reflect.NativeMethodAccessorImpl.invoke0(Native Method) ~[?:?]
	at jdk.internal.reflect.NativeMethodAccessorImpl.invoke(NativeMethodAccessorImpl.java:62) ~[?:?]
	at jdk.internal.reflect.DelegatingMethodAccessorImpl.invoke(DelegatingMethodAccessorImpl.java:43) ~[?:?]
	at java.lang.reflect.Method.invoke(Method.java:567) ~[?:?]
	at org.springframework.web.method.support.InvocableHandlerMethod.doInvoke(InvocableHandlerMethod.java:209) ~[spring-web-5.0.6.RELEASE.jar:5.0.6.RELEASE]
	at org.springframework.web.method.support.InvocableHandlerMethod.invokeForRequest(InvocableHandlerMethod.java:136) ~[spring-web-5.0.6.RELEASE.jar:5.0.6.RELEASE]
	at org.springframework.web.servlet.mvc.method.annotation.ServletInvocableHandlerMethod.invokeAndHandle(ServletInvocableHandlerMethod.java:102) ~[spring-webmvc-5.0.6.RELEASE.jar:5.0.6.RELEASE]
	at org.springframework.web.servlet.mvc.method.annotation.RequestMappingHandlerAdapter.invokeHandlerMethod(RequestMappingHandlerAdapter.java:877) ~[spring-webmvc-5.0.6.RELEASE.jar:5.0.6.RELEASE]
	at org.springframework.web.servlet.mvc.method.annotation.RequestMappingHandlerAdapter.handleInternal(RequestMappingHandlerAdapter.java:783) ~[spring-webmvc-5.0.6.RELEASE.jar:5.0.6.RELEASE]
	at org.springframework.web.servlet.mvc.method.AbstractHandlerMethodAdapter.handle(AbstractHandlerMethodAdapter.java:87) ~[spring-webmvc-5.0.6.RELEASE.jar:5.0.6.RELEASE]
	at org.springframework.web.servlet.DispatcherServlet.doDispatch(DispatcherServlet.java:991) ~[spring-webmvc-5.0.6.RELEASE.jar:5.0.6.RELEASE]
	at org.springframework.web.servlet.DispatcherServlet.doService(DispatcherServlet.java:925) ~[spring-webmvc-5.0.6.RELEASE.jar:5.0.6.RELEASE]
	at org.springframework.web.servlet.FrameworkServlet.processRequest(FrameworkServlet.java:974) ~[spring-webmvc-5.0.6.RELEASE.jar:5.0.6.RELEASE]
	at org.springframework.web.servlet.FrameworkServlet.doGet(FrameworkServlet.java:866) ~[spring-webmvc-5.0.6.RELEASE.jar:5.0.6.RELEASE]
	at javax.servlet.http.HttpServlet.service(HttpServlet.java:635) ~[tomcat-embed-core-8.5.31.jar:8.5.31]
	at org.springframework.web.servlet.FrameworkServlet.service(FrameworkServlet.java:851) ~[spring-webmvc-5.0.6.RELEASE.jar:5.0.6.RELEASE]
	at javax.servlet.http.HttpServlet.service(HttpServlet.java:742) ~[tomcat-embed-core-8.5.31.jar:8.5.31]
	at org.apache.catalina.core.ApplicationFilterChain.internalDoFilter(ApplicationFilterChain.java:231) ~[tomcat-embed-core-8.5.31.jar:8.5.31]
	at org.apache.catalina.core.ApplicationFilterChain.doFilter(ApplicationFilterChain.java:166) ~[tomcat-embed-core-8.5.31.jar:8.5.31]
	at org.apache.tomcat.websocket.server.WsFilter.doFilter(WsFilter.java:52) ~[tomcat-embed-websocket-8.5.31.jar:8.5.31]
	at org.apache.catalina.core.ApplicationFilterChain.internalDoFilter(ApplicationFilterChain.java:193) ~[tomcat-embed-core-8.5.31.jar:8.5.31]
	at org.apache.catalina.core.ApplicationFilterChain.doFilter(ApplicationFilterChain.java:166) ~[tomcat-embed-core-8.5.31.jar:8.5.31]
	at org.springframework.web.filter.RequestContextFilter.doFilterInternal(RequestContextFilter.java:99) ~[spring-web-5.0.6.RELEASE.jar:5.0.6.RELEASE]
	at org.springframework.web.filter.OncePerRequestFilter.doFilter(OncePerRequestFilter.java:107) ~[spring-web-5.0.6.RELEASE.jar:5.0.6.RELEASE]
	at org.apache.catalina.core.ApplicationFilterChain.internalDoFilter(ApplicationFilterChain.java:193) ~[tomcat-embed-core-8.5.31.jar:8.5.31]
	at org.apache.catalina.core.ApplicationFilterChain.doFilter(ApplicationFilterChain.java:166) ~[tomcat-embed-core-8.5.31.jar:8.5.31]
	at org.springframework.web.filter.HttpPutFormContentFilter.doFilterInternal(HttpPutFormContentFilter.java:109) ~[spring-web-5.0.6.RELEASE.jar:5.0.6.RELEASE]
	at org.springframework.web.filter.OncePerRequestFilter.doFilter(OncePerRequestFilter.java:107) ~[spring-web-5.0.6.RELEASE.jar:5.0.6.RELEASE]
	at org.apache.catalina.core.ApplicationFilterChain.internalDoFilter(ApplicationFilterChain.java:193) ~[tomcat-embed-core-8.5.31.jar:8.5.31]
	at org.apache.catalina.core.ApplicationFilterChain.doFilter(ApplicationFilterChain.java:166) ~[tomcat-embed-core-8.5.31.jar:8.5.31]
	at org.springframework.web.filter.HiddenHttpMethodFilter.doFilterInternal(HiddenHttpMethodFilter.java:81) ~[spring-web-5.0.6.RELEASE.jar:5.0.6.RELEASE]
	at org.springframework.web.filter.OncePerRequestFilter.doFilter(OncePerRequestFilter.java:107) ~[spring-web-5.0.6.RELEASE.jar:5.0.6.RELEASE]
	at org.apache.catalina.core.ApplicationFilterChain.internalDoFilter(ApplicationFilterChain.java:193) ~[tomcat-embed-core-8.5.31.jar:8.5.31]
	at org.apache.catalina.core.ApplicationFilterChain.doFilter(ApplicationFilterChain.java:166) ~[tomcat-embed-core-8.5.31.jar:8.5.31]
	at org.springframework.web.filter.CharacterEncodingFilter.doFilterInternal(CharacterEncodingFilter.java:200) ~[spring-web-5.0.6.RELEASE.jar:5.0.6.RELEASE]
	at org.springframework.web.filter.OncePerRequestFilter.doFilter(OncePerRequestFilter.java:107) ~[spring-web-5.0.6.RELEASE.jar:5.0.6.RELEASE]
	at org.apache.catalina.core.ApplicationFilterChain.internalDoFilter(ApplicationFilterChain.java:193) ~[tomcat-embed-core-8.5.31.jar:8.5.31]
	at org.apache.catalina.core.ApplicationFilterChain.doFilter(ApplicationFilterChain.java:166) ~[tomcat-embed-core-8.5.31.jar:8.5.31]
	at org.apache.catalina.core.StandardWrapperValve.invoke(StandardWrapperValve.java:198) [tomcat-embed-core-8.5.31.jar:8.5.31]
	at org.apache.catalina.core.StandardContextValve.invoke(StandardContextValve.java:96) [tomcat-embed-core-8.5.31.jar:8.5.31]
	at org.apache.catalina.authenticator.AuthenticatorBase.invoke(AuthenticatorBase.java:496) [tomcat-embed-core-8.5.31.jar:8.5.31]
	at org.apache.catalina.core.StandardHostValve.invoke(StandardHostValve.java:140) [tomcat-embed-core-8.5.31.jar:8.5.31]
	at org.apache.catalina.valves.ErrorReportValve.invoke(ErrorReportValve.java:81) [tomcat-embed-core-8.5.31.jar:8.5.31]
	at org.apache.catalina.core.StandardEngineValve.invoke(StandardEngineValve.java:87) [tomcat-embed-core-8.5.31.jar:8.5.31]
	at org.apache.catalina.connector.CoyoteAdapter.service(CoyoteAdapter.java:342) [tomcat-embed-core-8.5.31.jar:8.5.31]
	at org.apache.coyote.http11.Http11Processor.service(Http11Processor.java:803) [tomcat-embed-core-8.5.31.jar:8.5.31]
	at org.apache.coyote.AbstractProcessorLight.process(AbstractProcessorLight.java:66) [tomcat-embed-core-8.5.31.jar:8.5.31]
	at org.apache.coyote.AbstractProtocol$ConnectionHandler.process(AbstractProtocol.java:790) [tomcat-embed-core-8.5.31.jar:8.5.31]
	at org.apache.tomcat.util.net.NioEndpoint$SocketProcessor.doRun(NioEndpoint.java:1468) [tomcat-embed-core-8.5.31.jar:8.5.31]
	at org.apache.tomcat.util.net.SocketProcessorBase.run(SocketProcessorBase.java:49) [tomcat-embed-core-8.5.31.jar:8.5.31]
	at java.util.concurrent.ThreadPoolExecutor.runWorker(ThreadPoolExecutor.java:1128) [?:?]
	at java.util.concurrent.ThreadPoolExecutor$Worker.run(ThreadPoolExecutor.java:628) [?:?]
	at org.apache.tomcat.util.threads.TaskThread$WrappingRunnable.run(TaskThread.java:61) [tomcat-embed-core-8.5.31.jar:8.5.31]
	at java.lang.Thread.run(Thread.java:835) [?:?]
[ERROR] 2019-05-15T07:50:45,796 [http-nio-10050-exec-2] [dispatcherServlet] - Servlet.service() for servlet [dispatcherServlet] in context with path [] threw exception [Request processing failed; nested exception is net.corda.client.rpc.RPCException: java.util.List<*> -> Trying to build an object serializer for com.template.states.GradeState, but it is not constructible from its public properties, and so requires a custom serialiser.] with root cause
java.io.NotSerializableException: java.util.List<*> -> Trying to build an object serializer for com.template.states.GradeState, but it is not constructible from its public properties, and so requires a custom serialiser.
	at net.corda.serialization.internal.amqp.ObjectSerializer$Companion.make(ObjectSerializer.kt:18) ~[corda-serialization-4.0.jar:?]
	at net.corda.serialization.internal.amqp.DefaultLocalSerializerFactory.makeNonCustomSerializer(LocalSerializerFactory.kt:240) ~[corda-serialization-4.0.jar:?]
	at net.corda.serialization.internal.amqp.DefaultLocalSerializerFactory.access$makeNonCustomSerializer(LocalSerializerFactory.kt:79) ~[corda-serialization-4.0.jar:?]
	at net.corda.serialization.internal.amqp.DefaultLocalSerializerFactory$makeClassSerializer$1.invoke(LocalSerializerFactory.kt:222) ~[corda-serialization-4.0.jar:?]
	at net.corda.serialization.internal.amqp.DefaultLocalSerializerFactory$makeClassSerializer$1.invoke(LocalSerializerFactory.kt:79) ~[corda-serialization-4.0.jar:?]
	at net.corda.serialization.internal.amqp.DefaultLocalSerializerFactory.makeAndCache(LocalSerializerFactory.kt:123) ~[corda-serialization-4.0.jar:?]
	at net.corda.serialization.internal.amqp.DefaultLocalSerializerFactory.makeAndCache(LocalSerializerFactory.kt:119) ~[corda-serialization-4.0.jar:?]
	at net.corda.serialization.internal.amqp.DefaultLocalSerializerFactory.makeClassSerializer(LocalSerializerFactory.kt:213) ~[corda-serialization-4.0.jar:?]
	at net.corda.serialization.internal.amqp.DefaultLocalSerializerFactory.get(LocalSerializerFactory.kt:188) ~[corda-serialization-4.0.jar:?]
	at net.corda.serialization.internal.amqp.ComposedSerializerFactory.get(SerializerFactory.kt) ~[corda-serialization-4.0.jar:?]
	at net.corda.serialization.internal.amqp.SerializationOutput.writeObject$serialization(SerializationOutput.kt:128) ~[corda-serialization-4.0.jar:?]
	at net.corda.serialization.internal.amqp.SerializationOutput.writeObjectOrNull$serialization(SerializationOutput.kt:123) ~[corda-serialization-4.0.jar:?]
	at net.corda.serialization.internal.amqp.ArraySerializer$writeObject$1$1.invoke(ArraySerializer.kt:81) ~[corda-serialization-4.0.jar:?]
	at net.corda.serialization.internal.amqp.ArraySerializer$writeObject$1$1.invoke(ArraySerializer.kt:17) ~[corda-serialization-4.0.jar:?]
	at net.corda.serialization.internal.amqp.SerializationHelperKt.withList(SerializationHelper.kt:30) ~[corda-serialization-4.0.jar:?]
	at net.corda.serialization.internal.amqp.ArraySerializer$writeObject$1.invoke(ArraySerializer.kt:79) ~[corda-serialization-4.0.jar:?]
	at net.corda.serialization.internal.amqp.ArraySerializer$writeObject$1.invoke(ArraySerializer.kt:17) ~[corda-serialization-4.0.jar:?]
	at net.corda.serialization.internal.amqp.SerializationHelperKt.withDescribed(SerializationHelper.kt:19) ~[corda-serialization-4.0.jar:?]
	at net.corda.serialization.internal.amqp.ArraySerializer.writeObject(ArraySerializer.kt:78) ~[corda-serialization-4.0.jar:?]
	at net.corda.serialization.internal.amqp.SerializationOutput.writeObject$serialization(SerializationOutput.kt:136) ~[corda-serialization-4.0.jar:?]
	at net.corda.serialization.internal.amqp.SerializationOutput.writeObjectOrNull$serialization(SerializationOutput.kt:123) ~[corda-serialization-4.0.jar:?]
	at net.corda.serialization.internal.amqp.CollectionSerializer$writeObject$$inlined$ifThrowsAppend$lambda$1$1.invoke(CollectionSerializer.kt:114) ~[corda-serialization-4.0.jar:?]
	at net.corda.serialization.internal.amqp.CollectionSerializer$writeObject$$inlined$ifThrowsAppend$lambda$1$1.invoke(CollectionSerializer.kt:20) ~[corda-serialization-4.0.jar:?]
	at net.corda.serialization.internal.amqp.SerializationHelperKt.withList(SerializationHelper.kt:30) ~[corda-serialization-4.0.jar:?]
	at net.corda.serialization.internal.amqp.CollectionSerializer$writeObject$$inlined$ifThrowsAppend$lambda$1.invoke(CollectionSerializer.kt:112) ~[corda-serialization-4.0.jar:?]
	at net.corda.serialization.internal.amqp.CollectionSerializer$writeObject$$inlined$ifThrowsAppend$lambda$1.invoke(CollectionSerializer.kt:20) ~[corda-serialization-4.0.jar:?]
	at net.corda.serialization.internal.amqp.SerializationHelperKt.withDescribed(SerializationHelper.kt:19) ~[corda-serialization-4.0.jar:?]
	at net.corda.serialization.internal.amqp.CollectionSerializer.writeObject(CollectionSerializer.kt:111) ~[corda-serialization-4.0.jar:?]
	at net.corda.serialization.internal.amqp.SerializationOutput.writeObject$serialization(SerializationOutput.kt:136) ~[corda-serialization-4.0.jar:?]
	at net.corda.serialization.internal.amqp.SerializationOutput.writeObject$serialization$default(SerializationOutput.kt:127) ~[corda-serialization-4.0.jar:?]
	at net.corda.serialization.internal.amqp.SerializationOutput.writeObject$serialization(SerializationOutput.kt:108) ~[corda-serialization-4.0.jar:?]
	at net.corda.serialization.internal.amqp.SerializationOutput$_serialize$1$1.invoke(SerializationOutput.kt:83) ~[corda-serialization-4.0.jar:?]
	at net.corda.serialization.internal.amqp.SerializationOutput$_serialize$1$1.invoke(SerializationOutput.kt:32) ~[corda-serialization-4.0.jar:?]
	at net.corda.serialization.internal.amqp.SerializationHelperKt.withList(SerializationHelper.kt:30) ~[corda-serialization-4.0.jar:?]
	at net.corda.serialization.internal.amqp.SerializationOutput$_serialize$1.invoke(SerializationOutput.kt:82) ~[corda-serialization-4.0.jar:?]
	at net.corda.serialization.internal.amqp.SerializationOutput$_serialize$1.invoke(SerializationOutput.kt:32) ~[corda-serialization-4.0.jar:?]
	at net.corda.serialization.internal.amqp.SerializationHelperKt.withDescribed(SerializationHelper.kt:19) ~[corda-serialization-4.0.jar:?]
	at net.corda.serialization.internal.amqp.SerializationOutput._serialize$serialization(SerializationOutput.kt:81) ~[corda-serialization-4.0.jar:?]
	at net.corda.serialization.internal.amqp.SerializationOutput.serialize(SerializationOutput.kt:51) ~[corda-serialization-4.0.jar:?]
	at net.corda.serialization.internal.amqp.AbstractAMQPSerializationScheme.serialize(AMQPSerializationScheme.kt:235) ~[corda-serialization-4.0.jar:?]
	at net.corda.serialization.internal.SerializationFactoryImpl$serialize$1$1.invoke(SerializationScheme.kt:117) ~[corda-serialization-4.0.jar:?]
	at net.corda.serialization.internal.SerializationFactoryImpl$serialize$1$1.invoke(SerializationScheme.kt:70) ~[corda-serialization-4.0.jar:?]
	at net.corda.core.serialization.SerializationFactory.withCurrentContext(SerializationAPI.kt:72) ~[corda-core-4.0.jar:?]
	at net.corda.serialization.internal.SerializationFactoryImpl$serialize$1.invoke(SerializationScheme.kt:117) ~[corda-serialization-4.0.jar:?]
	at net.corda.serialization.internal.SerializationFactoryImpl$serialize$1.invoke(SerializationScheme.kt:70) ~[corda-serialization-4.0.jar:?]
	at net.corda.core.serialization.SerializationFactory.asCurrent(SerializationAPI.kt:86) ~[corda-core-4.0.jar:?]
	at net.corda.serialization.internal.SerializationFactoryImpl.serialize(SerializationScheme.kt:117) ~[corda-serialization-4.0.jar:?]
	at net.corda.core.serialization.SerializationAPIKt.serialize(SerializationAPI.kt:311) ~[corda-core-4.0.jar:?]
	at net.corda.core.serialization.SerializationAPIKt.serialize$default(SerializationAPI.kt:310) ~[corda-core-4.0.jar:?]
	at net.corda.client.rpc.internal.RPCClientProxyHandler.invoke(RPCClientProxyHandler.kt:257) ~[corda-rpc-4.0.jar:?]
	at com.sun.proxy.$Proxy78.startFlowDynamic(Unknown Source) ~[?:?]
	at com.template.webserver.Controller.templateendpoint(Controller.java:39) ~[classes/:?]
	at jdk.internal.reflect.NativeMethodAccessorImpl.invoke0(Native Method) ~[?:?]
	at jdk.internal.reflect.NativeMethodAccessorImpl.invoke(NativeMethodAccessorImpl.java:62) ~[?:?]
	at jdk.internal.reflect.DelegatingMethodAccessorImpl.invoke(DelegatingMethodAccessorImpl.java:43) ~[?:?]
	at java.lang.reflect.Method.invoke(Method.java:567) ~[?:?]
	at org.springframework.web.method.support.InvocableHandlerMethod.doInvoke(InvocableHandlerMethod.java:209) ~[spring-web-5.0.6.RELEASE.jar:5.0.6.RELEASE]
	at org.springframework.web.method.support.InvocableHandlerMethod.invokeForRequest(InvocableHandlerMethod.java:136) ~[spring-web-5.0.6.RELEASE.jar:5.0.6.RELEASE]
	at org.springframework.web.servlet.mvc.method.annotation.ServletInvocableHandlerMethod.invokeAndHandle(ServletInvocableHandlerMethod.java:102) ~[spring-webmvc-5.0.6.RELEASE.jar:5.0.6.RELEASE]
	at org.springframework.web.servlet.mvc.method.annotation.RequestMappingHandlerAdapter.invokeHandlerMethod(RequestMappingHandlerAdapter.java:877) ~[spring-webmvc-5.0.6.RELEASE.jar:5.0.6.RELEASE]
	at org.springframework.web.servlet.mvc.method.annotation.RequestMappingHandlerAdapter.handleInternal(RequestMappingHandlerAdapter.java:783) ~[spring-webmvc-5.0.6.RELEASE.jar:5.0.6.RELEASE]
	at org.springframework.web.servlet.mvc.method.AbstractHandlerMethodAdapter.handle(AbstractHandlerMethodAdapter.java:87) ~[spring-webmvc-5.0.6.RELEASE.jar:5.0.6.RELEASE]
	at org.springframework.web.servlet.DispatcherServlet.doDispatch(DispatcherServlet.java:991) ~[spring-webmvc-5.0.6.RELEASE.jar:5.0.6.RELEASE]
	at org.springframework.web.servlet.DispatcherServlet.doService(DispatcherServlet.java:925) ~[spring-webmvc-5.0.6.RELEASE.jar:5.0.6.RELEASE]
	at org.springframework.web.servlet.FrameworkServlet.processRequest(FrameworkServlet.java:974) ~[spring-webmvc-5.0.6.RELEASE.jar:5.0.6.RELEASE]
	at org.springframework.web.servlet.FrameworkServlet.doGet(FrameworkServlet.java:866) ~[spring-webmvc-5.0.6.RELEASE.jar:5.0.6.RELEASE]
	at javax.servlet.http.HttpServlet.service(HttpServlet.java:635) ~[tomcat-embed-core-8.5.31.jar:8.5.31]
	at org.springframework.web.servlet.FrameworkServlet.service(FrameworkServlet.java:851) ~[spring-webmvc-5.0.6.RELEASE.jar:5.0.6.RELEASE]
	at javax.servlet.http.HttpServlet.service(HttpServlet.java:742) ~[tomcat-embed-core-8.5.31.jar:8.5.31]
	at org.apache.catalina.core.ApplicationFilterChain.internalDoFilter(ApplicationFilterChain.java:231) ~[tomcat-embed-core-8.5.31.jar:8.5.31]
	at org.apache.catalina.core.ApplicationFilterChain.doFilter(ApplicationFilterChain.java:166) ~[tomcat-embed-core-8.5.31.jar:8.5.31]
	at org.apache.tomcat.websocket.server.WsFilter.doFilter(WsFilter.java:52) ~[tomcat-embed-websocket-8.5.31.jar:8.5.31]
	at org.apache.catalina.core.ApplicationFilterChain.internalDoFilter(ApplicationFilterChain.java:193) ~[tomcat-embed-core-8.5.31.jar:8.5.31]
	at org.apache.catalina.core.ApplicationFilterChain.doFilter(ApplicationFilterChain.java:166) ~[tomcat-embed-core-8.5.31.jar:8.5.31]
	at org.springframework.web.filter.RequestContextFilter.doFilterInternal(RequestContextFilter.java:99) ~[spring-web-5.0.6.RELEASE.jar:5.0.6.RELEASE]
	at org.springframework.web.filter.OncePerRequestFilter.doFilter(OncePerRequestFilter.java:107) ~[spring-web-5.0.6.RELEASE.jar:5.0.6.RELEASE]
	at org.apache.catalina.core.ApplicationFilterChain.internalDoFilter(ApplicationFilterChain.java:193) ~[tomcat-embed-core-8.5.31.jar:8.5.31]
	at org.apache.catalina.core.ApplicationFilterChain.doFilter(ApplicationFilterChain.java:166) ~[tomcat-embed-core-8.5.31.jar:8.5.31]
	at org.springframework.web.filter.HttpPutFormContentFilter.doFilterInternal(HttpPutFormContentFilter.java:109) ~[spring-web-5.0.6.RELEASE.jar:5.0.6.RELEASE]
	at org.springframework.web.filter.OncePerRequestFilter.doFilter(OncePerRequestFilter.java:107) ~[spring-web-5.0.6.RELEASE.jar:5.0.6.RELEASE]
	at org.apache.catalina.core.ApplicationFilterChain.internalDoFilter(ApplicationFilterChain.java:193) ~[tomcat-embed-core-8.5.31.jar:8.5.31]
	at org.apache.catalina.core.ApplicationFilterChain.doFilter(ApplicationFilterChain.java:166) ~[tomcat-embed-core-8.5.31.jar:8.5.31]
	at org.springframework.web.filter.HiddenHttpMethodFilter.doFilterInternal(HiddenHttpMethodFilter.java:81) ~[spring-web-5.0.6.RELEASE.jar:5.0.6.RELEASE]
	at org.springframework.web.filter.OncePerRequestFilter.doFilter(OncePerRequestFilter.java:107) ~[spring-web-5.0.6.RELEASE.jar:5.0.6.RELEASE]
	at org.apache.catalina.core.ApplicationFilterChain.internalDoFilter(ApplicationFilterChain.java:193) ~[tomcat-embed-core-8.5.31.jar:8.5.31]
	at org.apache.catalina.core.ApplicationFilterChain.doFilter(ApplicationFilterChain.java:166) ~[tomcat-embed-core-8.5.31.jar:8.5.31]
	at org.springframework.web.filter.CharacterEncodingFilter.doFilterInternal(CharacterEncodingFilter.java:200) ~[spring-web-5.0.6.RELEASE.jar:5.0.6.RELEASE]
	at org.springframework.web.filter.OncePerRequestFilter.doFilter(OncePerRequestFilter.java:107) ~[spring-web-5.0.6.RELEASE.jar:5.0.6.RELEASE]
	at org.apache.catalina.core.ApplicationFilterChain.internalDoFilter(ApplicationFilterChain.java:193) ~[tomcat-embed-core-8.5.31.jar:8.5.31]
	at org.apache.catalina.core.ApplicationFilterChain.doFilter(ApplicationFilterChain.java:166) ~[tomcat-embed-core-8.5.31.jar:8.5.31]
	at org.apache.catalina.core.StandardWrapperValve.invoke(StandardWrapperValve.java:198) [tomcat-embed-core-8.5.31.jar:8.5.31]
	at org.apache.catalina.core.StandardContextValve.invoke(StandardContextValve.java:96) [tomcat-embed-core-8.5.31.jar:8.5.31]
	at org.apache.catalina.authenticator.AuthenticatorBase.invoke(AuthenticatorBase.java:496) [tomcat-embed-core-8.5.31.jar:8.5.31]
	at org.apache.catalina.core.StandardHostValve.invoke(StandardHostValve.java:140) [tomcat-embed-core-8.5.31.jar:8.5.31]
	at org.apache.catalina.valves.ErrorReportValve.invoke(ErrorReportValve.java:81) [tomcat-embed-core-8.5.31.jar:8.5.31]
	at org.apache.catalina.core.StandardEngineValve.invoke(StandardEngineValve.java:87) [tomcat-embed-core-8.5.31.jar:8.5.31]
	at org.apache.catalina.connector.CoyoteAdapter.service(CoyoteAdapter.java:342) [tomcat-embed-core-8.5.31.jar:8.5.31]
	at org.apache.coyote.http11.Http11Processor.service(Http11Processor.java:803) [tomcat-embed-core-8.5.31.jar:8.5.31]
	at org.apache.coyote.AbstractProcessorLight.process(AbstractProcessorLight.java:66) [tomcat-embed-core-8.5.31.jar:8.5.31]
	at org.apache.coyote.AbstractProtocol$ConnectionHandler.process(AbstractProtocol.java:790) [tomcat-embed-core-8.5.31.jar:8.5.31]
	at org.apache.tomcat.util.net.NioEndpoint$SocketProcessor.doRun(NioEndpoint.java:1468) [tomcat-embed-core-8.5.31.jar:8.5.31]
	at org.apache.tomcat.util.net.SocketProcessorBase.run(SocketProcessorBase.java:49) [tomcat-embed-core-8.5.31.jar:8.5.31]
	at java.util.concurrent.ThreadPoolExecutor.runWorker(ThreadPoolExecutor.java:1128) [?:?]
	at java.util.concurrent.ThreadPoolExecutor$Worker.run(ThreadPoolExecutor.java:628) [?:?]
	at org.apache.tomcat.util.threads.TaskThread$WrappingRunnable.run(TaskThread.java:61) [tomcat-embed-core-8.5.31.jar:8.5.31]
	at java.lang.Thread.run(Thread.java:835) [?:?]
[ERROR] 2019-05-15T07:50:47,922 [http-nio-10050-exec-3] [dispatcherServlet] - Servlet.service() for servlet [dispatcherServlet] in context with path [] threw exception [Request processing failed; nested exception is net.corda.client.rpc.RPCException: java.util.List<*> -> Trying to build an object serializer for com.template.states.GradeState, but it is not constructible from its public properties, and so requires a custom serialiser.] with root cause
java.io.NotSerializableException: java.util.List<*> -> Trying to build an object serializer for com.template.states.GradeState, but it is not constructible from its public properties, and so requires a custom serialiser.
	at net.corda.serialization.internal.amqp.ObjectSerializer$Companion.make(ObjectSerializer.kt:18) ~[corda-serialization-4.0.jar:?]
	at net.corda.serialization.internal.amqp.DefaultLocalSerializerFactory.makeNonCustomSerializer(LocalSerializerFactory.kt:240) ~[corda-serialization-4.0.jar:?]
	at net.corda.serialization.internal.amqp.DefaultLocalSerializerFactory.access$makeNonCustomSerializer(LocalSerializerFactory.kt:79) ~[corda-serialization-4.0.jar:?]
	at net.corda.serialization.internal.amqp.DefaultLocalSerializerFactory$makeClassSerializer$1.invoke(LocalSerializerFactory.kt:222) ~[corda-serialization-4.0.jar:?]
	at net.corda.serialization.internal.amqp.DefaultLocalSerializerFactory$makeClassSerializer$1.invoke(LocalSerializerFactory.kt:79) ~[corda-serialization-4.0.jar:?]
	at net.corda.serialization.internal.amqp.DefaultLocalSerializerFactory.makeAndCache(LocalSerializerFactory.kt:123) ~[corda-serialization-4.0.jar:?]
	at net.corda.serialization.internal.amqp.DefaultLocalSerializerFactory.makeAndCache(LocalSerializerFactory.kt:119) ~[corda-serialization-4.0.jar:?]
	at net.corda.serialization.internal.amqp.DefaultLocalSerializerFactory.makeClassSerializer(LocalSerializerFactory.kt:213) ~[corda-serialization-4.0.jar:?]
	at net.corda.serialization.internal.amqp.DefaultLocalSerializerFactory.get(LocalSerializerFactory.kt:188) ~[corda-serialization-4.0.jar:?]
	at net.corda.serialization.internal.amqp.ComposedSerializerFactory.get(SerializerFactory.kt) ~[corda-serialization-4.0.jar:?]
	at net.corda.serialization.internal.amqp.SerializationOutput.writeObject$serialization(SerializationOutput.kt:128) ~[corda-serialization-4.0.jar:?]
	at net.corda.serialization.internal.amqp.SerializationOutput.writeObjectOrNull$serialization(SerializationOutput.kt:123) ~[corda-serialization-4.0.jar:?]
	at net.corda.serialization.internal.amqp.ArraySerializer$writeObject$1$1.invoke(ArraySerializer.kt:81) ~[corda-serialization-4.0.jar:?]
	at net.corda.serialization.internal.amqp.ArraySerializer$writeObject$1$1.invoke(ArraySerializer.kt:17) ~[corda-serialization-4.0.jar:?]
	at net.corda.serialization.internal.amqp.SerializationHelperKt.withList(SerializationHelper.kt:30) ~[corda-serialization-4.0.jar:?]
	at net.corda.serialization.internal.amqp.ArraySerializer$writeObject$1.invoke(ArraySerializer.kt:79) ~[corda-serialization-4.0.jar:?]
	at net.corda.serialization.internal.amqp.ArraySerializer$writeObject$1.invoke(ArraySerializer.kt:17) ~[corda-serialization-4.0.jar:?]
	at net.corda.serialization.internal.amqp.SerializationHelperKt.withDescribed(SerializationHelper.kt:19) ~[corda-serialization-4.0.jar:?]
	at net.corda.serialization.internal.amqp.ArraySerializer.writeObject(ArraySerializer.kt:78) ~[corda-serialization-4.0.jar:?]
	at net.corda.serialization.internal.amqp.SerializationOutput.writeObject$serialization(SerializationOutput.kt:136) ~[corda-serialization-4.0.jar:?]
	at net.corda.serialization.internal.amqp.SerializationOutput.writeObjectOrNull$serialization(SerializationOutput.kt:123) ~[corda-serialization-4.0.jar:?]
	at net.corda.serialization.internal.amqp.CollectionSerializer$writeObject$$inlined$ifThrowsAppend$lambda$1$1.invoke(CollectionSerializer.kt:114) ~[corda-serialization-4.0.jar:?]
	at net.corda.serialization.internal.amqp.CollectionSerializer$writeObject$$inlined$ifThrowsAppend$lambda$1$1.invoke(CollectionSerializer.kt:20) ~[corda-serialization-4.0.jar:?]
	at net.corda.serialization.internal.amqp.SerializationHelperKt.withList(SerializationHelper.kt:30) ~[corda-serialization-4.0.jar:?]
	at net.corda.serialization.internal.amqp.CollectionSerializer$writeObject$$inlined$ifThrowsAppend$lambda$1.invoke(CollectionSerializer.kt:112) ~[corda-serialization-4.0.jar:?]
	at net.corda.serialization.internal.amqp.CollectionSerializer$writeObject$$inlined$ifThrowsAppend$lambda$1.invoke(CollectionSerializer.kt:20) ~[corda-serialization-4.0.jar:?]
	at net.corda.serialization.internal.amqp.SerializationHelperKt.withDescribed(SerializationHelper.kt:19) ~[corda-serialization-4.0.jar:?]
	at net.corda.serialization.internal.amqp.CollectionSerializer.writeObject(CollectionSerializer.kt:111) ~[corda-serialization-4.0.jar:?]
	at net.corda.serialization.internal.amqp.SerializationOutput.writeObject$serialization(SerializationOutput.kt:136) ~[corda-serialization-4.0.jar:?]
	at net.corda.serialization.internal.amqp.SerializationOutput.writeObject$serialization$default(SerializationOutput.kt:127) ~[corda-serialization-4.0.jar:?]
	at net.corda.serialization.internal.amqp.SerializationOutput.writeObject$serialization(SerializationOutput.kt:108) ~[corda-serialization-4.0.jar:?]
	at net.corda.serialization.internal.amqp.SerializationOutput$_serialize$1$1.invoke(SerializationOutput.kt:83) ~[corda-serialization-4.0.jar:?]
	at net.corda.serialization.internal.amqp.SerializationOutput$_serialize$1$1.invoke(SerializationOutput.kt:32) ~[corda-serialization-4.0.jar:?]
	at net.corda.serialization.internal.amqp.SerializationHelperKt.withList(SerializationHelper.kt:30) ~[corda-serialization-4.0.jar:?]
	at net.corda.serialization.internal.amqp.SerializationOutput$_serialize$1.invoke(SerializationOutput.kt:82) ~[corda-serialization-4.0.jar:?]
	at net.corda.serialization.internal.amqp.SerializationOutput$_serialize$1.invoke(SerializationOutput.kt:32) ~[corda-serialization-4.0.jar:?]
	at net.corda.serialization.internal.amqp.SerializationHelperKt.withDescribed(SerializationHelper.kt:19) ~[corda-serialization-4.0.jar:?]
	at net.corda.serialization.internal.amqp.SerializationOutput._serialize$serialization(SerializationOutput.kt:81) ~[corda-serialization-4.0.jar:?]
	at net.corda.serialization.internal.amqp.SerializationOutput.serialize(SerializationOutput.kt:51) ~[corda-serialization-4.0.jar:?]
	at net.corda.serialization.internal.amqp.AbstractAMQPSerializationScheme.serialize(AMQPSerializationScheme.kt:235) ~[corda-serialization-4.0.jar:?]
	at net.corda.serialization.internal.SerializationFactoryImpl$serialize$1$1.invoke(SerializationScheme.kt:117) ~[corda-serialization-4.0.jar:?]
	at net.corda.serialization.internal.SerializationFactoryImpl$serialize$1$1.invoke(SerializationScheme.kt:70) ~[corda-serialization-4.0.jar:?]
	at net.corda.core.serialization.SerializationFactory.withCurrentContext(SerializationAPI.kt:72) ~[corda-core-4.0.jar:?]
	at net.corda.serialization.internal.SerializationFactoryImpl$serialize$1.invoke(SerializationScheme.kt:117) ~[corda-serialization-4.0.jar:?]
	at net.corda.serialization.internal.SerializationFactoryImpl$serialize$1.invoke(SerializationScheme.kt:70) ~[corda-serialization-4.0.jar:?]
	at net.corda.core.serialization.SerializationFactory.asCurrent(SerializationAPI.kt:86) ~[corda-core-4.0.jar:?]
	at net.corda.serialization.internal.SerializationFactoryImpl.serialize(SerializationScheme.kt:117) ~[corda-serialization-4.0.jar:?]
	at net.corda.core.serialization.SerializationAPIKt.serialize(SerializationAPI.kt:311) ~[corda-core-4.0.jar:?]
	at net.corda.core.serialization.SerializationAPIKt.serialize$default(SerializationAPI.kt:310) ~[corda-core-4.0.jar:?]
	at net.corda.client.rpc.internal.RPCClientProxyHandler.invoke(RPCClientProxyHandler.kt:257) ~[corda-rpc-4.0.jar:?]
	at com.sun.proxy.$Proxy78.startFlowDynamic(Unknown Source) ~[?:?]
	at com.template.webserver.Controller.templateendpoint(Controller.java:39) ~[classes/:?]
	at jdk.internal.reflect.NativeMethodAccessorImpl.invoke0(Native Method) ~[?:?]
	at jdk.internal.reflect.NativeMethodAccessorImpl.invoke(NativeMethodAccessorImpl.java:62) ~[?:?]
	at jdk.internal.reflect.DelegatingMethodAccessorImpl.invoke(DelegatingMethodAccessorImpl.java:43) ~[?:?]
	at java.lang.reflect.Method.invoke(Method.java:567) ~[?:?]
	at org.springframework.web.method.support.InvocableHandlerMethod.doInvoke(InvocableHandlerMethod.java:209) ~[spring-web-5.0.6.RELEASE.jar:5.0.6.RELEASE]
	at org.springframework.web.method.support.InvocableHandlerMethod.invokeForRequest(InvocableHandlerMethod.java:136) ~[spring-web-5.0.6.RELEASE.jar:5.0.6.RELEASE]
	at org.springframework.web.servlet.mvc.method.annotation.ServletInvocableHandlerMethod.invokeAndHandle(ServletInvocableHandlerMethod.java:102) ~[spring-webmvc-5.0.6.RELEASE.jar:5.0.6.RELEASE]
	at org.springframework.web.servlet.mvc.method.annotation.RequestMappingHandlerAdapter.invokeHandlerMethod(RequestMappingHandlerAdapter.java:877) ~[spring-webmvc-5.0.6.RELEASE.jar:5.0.6.RELEASE]
	at org.springframework.web.servlet.mvc.method.annotation.RequestMappingHandlerAdapter.handleInternal(RequestMappingHandlerAdapter.java:783) ~[spring-webmvc-5.0.6.RELEASE.jar:5.0.6.RELEASE]
	at org.springframework.web.servlet.mvc.method.AbstractHandlerMethodAdapter.handle(AbstractHandlerMethodAdapter.java:87) ~[spring-webmvc-5.0.6.RELEASE.jar:5.0.6.RELEASE]
	at org.springframework.web.servlet.DispatcherServlet.doDispatch(DispatcherServlet.java:991) ~[spring-webmvc-5.0.6.RELEASE.jar:5.0.6.RELEASE]
	at org.springframework.web.servlet.DispatcherServlet.doService(DispatcherServlet.java:925) ~[spring-webmvc-5.0.6.RELEASE.jar:5.0.6.RELEASE]
	at org.springframework.web.servlet.FrameworkServlet.processRequest(FrameworkServlet.java:974) ~[spring-webmvc-5.0.6.RELEASE.jar:5.0.6.RELEASE]
	at org.springframework.web.servlet.FrameworkServlet.doGet(FrameworkServlet.java:866) ~[spring-webmvc-5.0.6.RELEASE.jar:5.0.6.RELEASE]
	at javax.servlet.http.HttpServlet.service(HttpServlet.java:635) ~[tomcat-embed-core-8.5.31.jar:8.5.31]
	at org.springframework.web.servlet.FrameworkServlet.service(FrameworkServlet.java:851) ~[spring-webmvc-5.0.6.RELEASE.jar:5.0.6.RELEASE]
	at javax.servlet.http.HttpServlet.service(HttpServlet.java:742) ~[tomcat-embed-core-8.5.31.jar:8.5.31]
	at org.apache.catalina.core.ApplicationFilterChain.internalDoFilter(ApplicationFilterChain.java:231) ~[tomcat-embed-core-8.5.31.jar:8.5.31]
	at org.apache.catalina.core.ApplicationFilterChain.doFilter(ApplicationFilterChain.java:166) ~[tomcat-embed-core-8.5.31.jar:8.5.31]
	at org.apache.tomcat.websocket.server.WsFilter.doFilter(WsFilter.java:52) ~[tomcat-embed-websocket-8.5.31.jar:8.5.31]
	at org.apache.catalina.core.ApplicationFilterChain.internalDoFilter(ApplicationFilterChain.java:193) ~[tomcat-embed-core-8.5.31.jar:8.5.31]
	at org.apache.catalina.core.ApplicationFilterChain.doFilter(ApplicationFilterChain.java:166) ~[tomcat-embed-core-8.5.31.jar:8.5.31]
	at org.springframework.web.filter.RequestContextFilter.doFilterInternal(RequestContextFilter.java:99) ~[spring-web-5.0.6.RELEASE.jar:5.0.6.RELEASE]
	at org.springframework.web.filter.OncePerRequestFilter.doFilter(OncePerRequestFilter.java:107) ~[spring-web-5.0.6.RELEASE.jar:5.0.6.RELEASE]
	at org.apache.catalina.core.ApplicationFilterChain.internalDoFilter(ApplicationFilterChain.java:193) ~[tomcat-embed-core-8.5.31.jar:8.5.31]
	at org.apache.catalina.core.ApplicationFilterChain.doFilter(ApplicationFilterChain.java:166) ~[tomcat-embed-core-8.5.31.jar:8.5.31]
	at org.springframework.web.filter.HttpPutFormContentFilter.doFilterInternal(HttpPutFormContentFilter.java:109) ~[spring-web-5.0.6.RELEASE.jar:5.0.6.RELEASE]
	at org.springframework.web.filter.OncePerRequestFilter.doFilter(OncePerRequestFilter.java:107) ~[spring-web-5.0.6.RELEASE.jar:5.0.6.RELEASE]
	at org.apache.catalina.core.ApplicationFilterChain.internalDoFilter(ApplicationFilterChain.java:193) ~[tomcat-embed-core-8.5.31.jar:8.5.31]
	at org.apache.catalina.core.ApplicationFilterChain.doFilter(ApplicationFilterChain.java:166) ~[tomcat-embed-core-8.5.31.jar:8.5.31]
	at org.springframework.web.filter.HiddenHttpMethodFilter.doFilterInternal(HiddenHttpMethodFilter.java:81) ~[spring-web-5.0.6.RELEASE.jar:5.0.6.RELEASE]
	at org.springframework.web.filter.OncePerRequestFilter.doFilter(OncePerRequestFilter.java:107) ~[spring-web-5.0.6.RELEASE.jar:5.0.6.RELEASE]
	at org.apache.catalina.core.ApplicationFilterChain.internalDoFilter(ApplicationFilterChain.java:193) ~[tomcat-embed-core-8.5.31.jar:8.5.31]
	at org.apache.catalina.core.ApplicationFilterChain.doFilter(ApplicationFilterChain.java:166) ~[tomcat-embed-core-8.5.31.jar:8.5.31]
	at org.springframework.web.filter.CharacterEncodingFilter.doFilterInternal(CharacterEncodingFilter.java:200) ~[spring-web-5.0.6.RELEASE.jar:5.0.6.RELEASE]
	at org.springframework.web.filter.OncePerRequestFilter.doFilter(OncePerRequestFilter.java:107) ~[spring-web-5.0.6.RELEASE.jar:5.0.6.RELEASE]
	at org.apache.catalina.core.ApplicationFilterChain.internalDoFilter(ApplicationFilterChain.java:193) ~[tomcat-embed-core-8.5.31.jar:8.5.31]
	at org.apache.catalina.core.ApplicationFilterChain.doFilter(ApplicationFilterChain.java:166) ~[tomcat-embed-core-8.5.31.jar:8.5.31]
	at org.apache.catalina.core.StandardWrapperValve.invoke(StandardWrapperValve.java:198) [tomcat-embed-core-8.5.31.jar:8.5.31]
	at org.apache.catalina.core.StandardContextValve.invoke(StandardContextValve.java:96) [tomcat-embed-core-8.5.31.jar:8.5.31]
	at org.apache.catalina.authenticator.AuthenticatorBase.invoke(AuthenticatorBase.java:496) [tomcat-embed-core-8.5.31.jar:8.5.31]
	at org.apache.catalina.core.StandardHostValve.invoke(StandardHostValve.java:140) [tomcat-embed-core-8.5.31.jar:8.5.31]
	at org.apache.catalina.valves.ErrorReportValve.invoke(ErrorReportValve.java:81) [tomcat-embed-core-8.5.31.jar:8.5.31]
	at org.apache.catalina.core.StandardEngineValve.invoke(StandardEngineValve.java:87) [tomcat-embed-core-8.5.31.jar:8.5.31]
	at org.apache.catalina.connector.CoyoteAdapter.service(CoyoteAdapter.java:342) [tomcat-embed-core-8.5.31.jar:8.5.31]
	at org.apache.coyote.http11.Http11Processor.service(Http11Processor.java:803) [tomcat-embed-core-8.5.31.jar:8.5.31]
	at org.apache.coyote.AbstractProcessorLight.process(AbstractProcessorLight.java:66) [tomcat-embed-core-8.5.31.jar:8.5.31]
	at org.apache.coyote.AbstractProtocol$ConnectionHandler.process(AbstractProtocol.java:790) [tomcat-embed-core-8.5.31.jar:8.5.31]
	at org.apache.tomcat.util.net.NioEndpoint$SocketProcessor.doRun(NioEndpoint.java:1468) [tomcat-embed-core-8.5.31.jar:8.5.31]
	at org.apache.tomcat.util.net.SocketProcessorBase.run(SocketProcessorBase.java:49) [tomcat-embed-core-8.5.31.jar:8.5.31]
	at java.util.concurrent.ThreadPoolExecutor.runWorker(ThreadPoolExecutor.java:1128) [?:?]
	at java.util.concurrent.ThreadPoolExecutor$Worker.run(ThreadPoolExecutor.java:628) [?:?]
	at org.apache.tomcat.util.threads.TaskThread$WrappingRunnable.run(TaskThread.java:61) [tomcat-embed-core-8.5.31.jar:8.5.31]
	at java.lang.Thread.run(Thread.java:835) [?:?]
